2023-04-01 09:32:51,904 [INFO] Activator:179 - 


2023-04-01 09:32:51,907 [INFO] Activator:180 - !SESSION log4j initialized
2023-04-01 09:33:04,379 [INFO] McuFinderGlobals:52 - Set McuFinder mode to 2 (CubeIDE integrated)
2023-04-01 09:33:04,906 [INFO] ApplicationProperties:181 - Using Application install path: C:\ST\STM32CubeIDE_1.10.1\STM32CubeIDE\plugins\com.st.stm32cube.common.mx_6.7.0.202211181646
2023-04-01 09:33:04,935 [INFO] DbMcusXml:77 - Set database path to: C:\ST\STM32CubeIDE_1.10.1\STM32CubeIDE\plugins\com.st.stm32cube.common.mx_6.7.0.202211181646\\db\/mcu/
2023-04-01 09:33:04,936 [INFO] ApiDb:273 - Set plugin database path to: C:\ST\STM32CubeIDE_1.10.1\STM32CubeIDE\plugins\com.st.stm32cube.common.mx_6.7.0.202211181646\\db\/plugins/boardmanager/
2023-04-01 09:33:04,940 [WARN] ApiDb:258 - Overriding images path with different value:  => C:\ST\STM32CubeIDE_1.10.1\STM32CubeIDE\plugins\com.st.stm32cube.common.mx_6.7.0.202211181646\\db\/plugins/mcufinder/images/
2023-04-01 09:33:04,976 [INFO] ApiDb:249 - Set database path to: C:\Users\Jorge\.stmcufinder\plugins\mcufinder//mcu/
2023-04-01 09:33:04,978 [INFO] DbMcusAds:124 - Set database path to: C:\Users\Jorge\.stmcufinder\plugins\mcufinder//mcu/
2023-04-01 09:33:04,982 [INFO] CrossReferenceDbSqlite:202 - Set database path to: C:\Users\Jorge\.stmcufinder\plugins\mcufinder//mcu/cs/
2023-04-01 09:33:05,128 [INFO] RulesReader:61 - Compatibility file has been processed (283 Rules)
2023-04-01 09:33:05,248 [INFO] DbMcusXml:77 - Set database path to: C:\ST\STM32CubeIDE_1.10.1\STM32CubeIDE\plugins\com.st.stm32cube.common.mx_6.7.0.202211181646\\db\/mcu/
2023-04-01 09:33:05,248 [INFO] ApiDb:273 - Set plugin database path to: C:\ST\STM32CubeIDE_1.10.1\STM32CubeIDE\plugins\com.st.stm32cube.common.mx_6.7.0.202211181646\\db\/plugins/boardmanager/
2023-04-01 09:33:05,249 [INFO] ApiDb:260 - Set plugin images path to: C:\ST\STM32CubeIDE_1.10.1\STM32CubeIDE\plugins\com.st.stm32cube.common.mx_6.7.0.202211181646\\db\/plugins/mcufinder/images/
2023-04-01 09:33:05,249 [WARN] DbFile:40 - Overriding database path with different value: C:\Users\Jorge\.stmcufinder\plugins\mcufinder/ => C:\Users\Jorge\.stmcufinder\plugins\mcufinder
2023-04-01 09:33:05,250 [INFO] ApiDb:249 - Set database path to: C:\Users\Jorge\.stmcufinder\plugins\mcufinder//mcu/
2023-04-01 09:33:05,250 [WARN] DbFile:40 - Overriding database path with different value: C:\Users\Jorge\.stmcufinder\plugins\mcufinder/ => C:\Users\Jorge\.stmcufinder\plugins\mcufinder
2023-04-01 09:33:05,250 [INFO] DbMcusAds:124 - Set database path to: C:\Users\Jorge\.stmcufinder\plugins\mcufinder//mcu/
2023-04-01 09:33:05,251 [WARN] DbFile:40 - Overriding database path with different value: C:\Users\Jorge\.stmcufinder\plugins\mcufinder/ => C:\Users\Jorge\.stmcufinder\plugins\mcufinder
2023-04-01 09:33:05,251 [WARN] DbFile:40 - Overriding database path with different value: C:\Users\Jorge\.stmcufinder\plugins\mcufinder/ => C:\Users\Jorge\.stmcufinder\plugins\mcufinder
2023-04-01 09:33:05,252 [INFO] CrossReferenceDbSqlite:202 - Set database path to: C:\Users\Jorge\.stmcufinder\plugins\mcufinder//mcu/cs/
2023-04-01 09:33:05,363 [INFO] MainPanel:252 - HeapMemory: 268435456
2023-04-01 09:33:05,500 [INFO] DbMcusXml:77 - Set database path to: C:\ST\STM32CubeIDE_1.10.1\STM32CubeIDE\plugins\com.st.stm32cube.common.mx_6.7.0.202211181646\\db\/mcu/
2023-04-01 09:33:05,501 [INFO] ApiDb:273 - Set plugin database path to: C:\ST\STM32CubeIDE_1.10.1\STM32CubeIDE\plugins\com.st.stm32cube.common.mx_6.7.0.202211181646\\db\/plugins/boardmanager/
2023-04-01 09:33:05,501 [INFO] ApiDb:260 - Set plugin images path to: C:\ST\STM32CubeIDE_1.10.1\STM32CubeIDE\plugins\com.st.stm32cube.common.mx_6.7.0.202211181646\\db\/plugins/mcufinder/images/
2023-04-01 09:33:05,502 [WARN] DbFile:40 - Overriding database path with different value: C:\Users\Jorge\.stmcufinder\plugins\mcufinder/ => C:\Users\Jorge\.stmcufinder\plugins\mcufinder
2023-04-01 09:33:05,502 [INFO] ApiDb:249 - Set database path to: C:\Users\Jorge\.stmcufinder\plugins\mcufinder//mcu/
2023-04-01 09:33:05,502 [WARN] DbFile:40 - Overriding database path with different value: C:\Users\Jorge\.stmcufinder\plugins\mcufinder/ => C:\Users\Jorge\.stmcufinder\plugins\mcufinder
2023-04-01 09:33:05,503 [INFO] DbMcusAds:124 - Set database path to: C:\Users\Jorge\.stmcufinder\plugins\mcufinder//mcu/
2023-04-01 09:33:05,503 [WARN] DbFile:40 - Overriding database path with different value: C:\Users\Jorge\.stmcufinder\plugins\mcufinder/ => C:\Users\Jorge\.stmcufinder\plugins\mcufinder
2023-04-01 09:33:05,503 [WARN] DbFile:40 - Overriding database path with different value: C:\Users\Jorge\.stmcufinder\plugins\mcufinder/ => C:\Users\Jorge\.stmcufinder\plugins\mcufinder
2023-04-01 09:33:05,503 [INFO] CrossReferenceDbSqlite:202 - Set database path to: C:\Users\Jorge\.stmcufinder\plugins\mcufinder//mcu/cs/
2023-04-01 09:33:05,533 [INFO] ApplicationProperties:181 - Using Application install path: C:\ST\STM32CubeIDE_1.10.1\STM32CubeIDE\plugins\com.st.stm32cube.common.mx_6.7.0.202211181646
2023-04-01 09:33:05,535 [INFO] PluginManage:193 - Search for loadable plugins [exclusion list=, ]
2023-04-01 09:33:05,538 [INFO] PluginManage:307 - Check plugin analytics
2023-04-01 09:33:05,747 [INFO] AnalyticsPlugin:262 - Accepted Software Licenses: STM32CubeMX.6.8.0
2023-04-01 09:33:05,748 [INFO] AnalyticsPlugin:264 - Accepted CMSIS Pack Licenses: 
2023-04-01 09:33:05,749 [INFO] AnalyticsPlugin:266 - Accepted Firmware Licenses: 
2023-04-01 09:33:05,762 [INFO] PluginManage:356 - Loaded plugin analytics (category:tool,tabindex:-1)
2023-04-01 09:33:05,764 [INFO] PluginManage:307 - Check plugin cadmodel
2023-04-01 09:33:05,785 [INFO] CADModel:104 - Init CAD model plugin
2023-04-01 09:33:05,786 [INFO] PluginManage:356 - Loaded plugin cadmodel (category:power,tabindex:5)
2023-04-01 09:33:05,786 [INFO] PluginManage:307 - Check plugin clock
2023-04-01 09:33:05,816 [INFO] PluginManage:356 - Loaded plugin clock (category:base,tabindex:2)
2023-04-01 09:33:05,816 [INFO] PluginManage:307 - Check plugin ddr
2023-04-01 09:33:05,820 [INFO] PluginManage:356 - Loaded plugin ddr (category:tool,tabindex:6)
2023-04-01 09:33:05,820 [INFO] PluginManage:307 - Check plugin filemanager
2023-04-01 09:33:06,038 [INFO] PluginManage:356 - Loaded plugin filemanager (category:base,tabindex:10)
2023-04-01 09:33:06,038 [INFO] PluginManage:307 - Check plugin ipmanager
2023-04-01 09:33:06,068 [INFO] PluginManage:356 - Loaded plugin ipmanager (category:base,tabindex:5)
2023-04-01 09:33:06,070 [INFO] PluginManage:307 - Check plugin lpbam
2023-04-01 09:33:06,103 [INFO] PluginManage:356 - Loaded plugin lpbam (category:base,tabindex:0)
2023-04-01 09:33:06,104 [INFO] PluginManage:307 - Check plugin pinoutandconfiguration
2023-04-01 09:33:06,126 [INFO] PluginManage:356 - Loaded plugin pinoutandconfiguration (category:base,tabindex:1)
2023-04-01 09:33:06,127 [INFO] PluginManage:307 - Check plugin pinoutconfig
2023-04-01 09:33:06,179 [INFO] PluginManage:356 - Loaded plugin pinoutconfig (category:base,tabindex:0)
2023-04-01 09:33:06,180 [INFO] PluginManage:307 - Check plugin power
2023-04-01 09:33:06,204 [INFO] PluginManage:356 - Loaded plugin power (category:power,tabindex:4)
2023-04-01 09:33:06,204 [INFO] PluginManage:307 - Check plugin projectmanager
2023-04-01 09:33:06,224 [INFO] PluginManage:356 - Loaded plugin projectmanager (category:projectmanager,tabindex:3)
2023-04-01 09:33:06,224 [INFO] PluginManage:307 - Check plugin thirdparty
2023-04-01 09:33:06,604 [WARN] IntegrityCheckThread:82 - waiting for thirdparty lock release [integrity check]
2023-04-01 09:33:06,604 [INFO] PluginManage:356 - Loaded plugin thirdparty (category:base,tabindex:-1)
2023-04-01 09:33:06,605 [INFO] IntegrityCheckThread:84 - entering critical section [integrity check]
2023-04-01 09:33:06,605 [INFO] PluginManage:307 - Check plugin tools
2023-04-01 09:33:06,608 [INFO] ThirdPartyUpdaterWithRetryManager:70 - Updater plugin not ready yet. [1/15]
2023-04-01 09:33:06,642 [INFO] PluginManage:356 - Loaded plugin tools (category:base,tabindex:7)
2023-04-01 09:33:06,642 [INFO] PluginManage:307 - Check plugin tutovideos
2023-04-01 09:33:06,948 [INFO] PluginManage:356 - Loaded plugin tutovideos (category:base,tabindex:-1)
2023-04-01 09:33:06,949 [INFO] PluginManage:307 - Check plugin updater
2023-04-01 09:33:06,970 [INFO] PluginManage:356 - Loaded plugin updater (category:base,tabindex:12)
2023-04-01 09:33:06,971 [INFO] PluginManage:280 - PluginManage : Loaded plugins [15]
2023-04-01 09:33:07,322 [INFO] PinOutPanel:1477 - setPackage(No Configuration,No Configuration)
2023-04-01 09:33:07,417 [INFO] CADModel:164 - CPN selected for project level
2023-04-01 09:33:07,417 [INFO] CADModel:113 - Register for checkConnection events
2023-04-01 09:33:07,453 [INFO] IPUIPlugin:79 - create IPUIPlugin
2023-04-01 09:33:07,453 [INFO] PluginManager:219 - loadIPPluginJar : add adc
2023-04-01 09:33:07,492 [INFO] IPUIPlugin:79 - create IPUIPlugin
2023-04-01 09:33:07,492 [INFO] PluginManager:219 - loadIPPluginJar : add aes
2023-04-01 09:33:07,536 [INFO] IPUIPlugin:79 - create IPUIPlugin
2023-04-01 09:33:07,537 [INFO] PluginManager:219 - loadIPPluginJar : add can
2023-04-01 09:33:07,563 [INFO] IPUIPlugin:79 - create IPUIPlugin
2023-04-01 09:33:07,563 [INFO] PluginManager:219 - loadIPPluginJar : add comp
2023-04-01 09:33:07,602 [INFO] IPUIPlugin:79 - create IPUIPlugin
2023-04-01 09:33:07,602 [INFO] PluginManager:219 - loadIPPluginJar : add cryp
2023-04-01 09:33:07,642 [INFO] IPUIPlugin:79 - create IPUIPlugin
2023-04-01 09:33:07,643 [INFO] PluginManager:219 - loadIPPluginJar : add dfsdm
2023-04-01 09:33:07,662 [INFO] IPUIPlugin:79 - create IPUIPlugin
2023-04-01 09:33:07,663 [INFO] PluginManager:219 - loadIPPluginJar : add dma
2023-04-01 09:33:07,713 [INFO] IPUIPlugin:79 - create IPUIPlugin
2023-04-01 09:33:07,713 [INFO] PluginManager:219 - loadIPPluginJar : add dma3
2023-04-01 09:33:07,736 [INFO] IPUIPlugin:79 - create IPUIPlugin
2023-04-01 09:33:07,737 [INFO] PluginManager:219 - loadIPPluginJar : add fatfs
2023-04-01 09:33:07,792 [INFO] IPUIPlugin:79 - create IPUIPlugin
2023-04-01 09:33:07,792 [INFO] PluginManager:219 - loadIPPluginJar : add fmc
2023-04-01 09:33:07,817 [INFO] IPUIPlugin:79 - create IPUIPlugin
2023-04-01 09:33:07,818 [INFO] PluginManager:219 - loadIPPluginJar : add freertos
2023-04-01 09:33:07,841 [INFO] IPUIPlugin:79 - create IPUIPlugin
2023-04-01 09:33:07,841 [INFO] PluginManager:219 - loadIPPluginJar : add genericplugin
2023-04-01 09:33:07,941 [INFO] IPUIPlugin:79 - create IPUIPlugin
2023-04-01 09:33:07,941 [INFO] PluginManager:219 - loadIPPluginJar : add gfxmmu
2023-04-01 09:33:08,086 [INFO] IPUIPlugin:79 - create IPUIPlugin
2023-04-01 09:33:08,086 [INFO] PluginManager:219 - loadIPPluginJar : add gic
2023-04-01 09:33:08,103 [INFO] IPUIPlugin:79 - create IPUIPlugin
2023-04-01 09:33:08,103 [INFO] PluginManager:219 - loadIPPluginJar : add gpio
2023-04-01 09:33:08,193 [INFO] IPUIPlugin:79 - create IPUIPlugin
2023-04-01 09:33:08,193 [INFO] PluginManager:219 - loadIPPluginJar : add gtzc
2023-04-01 09:33:08,239 [INFO] IPUIPlugin:79 - create IPUIPlugin
2023-04-01 09:33:08,239 [INFO] PluginManager:219 - loadIPPluginJar : add hash
2023-04-01 09:33:08,307 [INFO] IPUIPlugin:79 - create IPUIPlugin
2023-04-01 09:33:08,308 [INFO] PluginManager:219 - loadIPPluginJar : add i2c
2023-04-01 09:33:08,357 [INFO] IPUIPlugin:79 - create IPUIPlugin
2023-04-01 09:33:08,357 [INFO] PluginManager:219 - loadIPPluginJar : add i2s
2023-04-01 09:33:08,484 [INFO] IPUIPlugin:79 - create IPUIPlugin
2023-04-01 09:33:08,485 [INFO] PluginManager:219 - loadIPPluginJar : add ipddr
2023-04-01 09:33:08,585 [INFO] IPUIPlugin:79 - create IPUIPlugin
2023-04-01 09:33:08,585 [INFO] PluginManager:219 - loadIPPluginJar : add linkedlist
2023-04-01 09:33:08,625 [INFO] IPUIPlugin:79 - create IPUIPlugin
2023-04-01 09:33:08,625 [INFO] PluginManager:219 - loadIPPluginJar : add lorawan
2023-04-01 09:33:08,664 [INFO] IPUIPlugin:79 - create IPUIPlugin
2023-04-01 09:33:08,665 [INFO] PluginManager:219 - loadIPPluginJar : add ltdc
2023-04-01 09:33:08,684 [INFO] IPUIPlugin:79 - create IPUIPlugin
2023-04-01 09:33:08,685 [INFO] PluginManager:219 - loadIPPluginJar : add mdma
2023-04-01 09:33:08,703 [INFO] IPUIPlugin:79 - create IPUIPlugin
2023-04-01 09:33:08,703 [INFO] PluginManager:219 - loadIPPluginJar : add nvic
2023-04-01 09:33:08,743 [INFO] IPUIPlugin:79 - create IPUIPlugin
2023-04-01 09:33:08,744 [INFO] PluginManager:219 - loadIPPluginJar : add opamp
2023-04-01 09:33:08,812 [INFO] IPUIPlugin:79 - create IPUIPlugin
2023-04-01 09:33:08,812 [INFO] PluginManager:219 - loadIPPluginJar : add openamp
2023-04-01 09:33:08,859 [INFO] IPUIPlugin:79 - create IPUIPlugin
2023-04-01 09:33:08,859 [INFO] PluginManager:219 - loadIPPluginJar : add pdm2pcm
2023-04-01 09:33:08,886 [INFO] IPUIPlugin:79 - create IPUIPlugin
2023-04-01 09:33:08,891 [INFO] PluginManager:219 - loadIPPluginJar : add plateformsettings
2023-04-01 09:33:08,926 [INFO] IPUIPlugin:79 - create IPUIPlugin
2023-04-01 09:33:08,926 [INFO] PluginManager:219 - loadIPPluginJar : add quadspi
2023-04-01 09:33:08,943 [INFO] IPUIPlugin:79 - create IPUIPlugin
2023-04-01 09:33:08,944 [INFO] PluginManager:219 - loadIPPluginJar : add resmgrutility
2023-04-01 09:33:08,999 [INFO] IPUIPlugin:79 - create IPUIPlugin
2023-04-01 09:33:08,999 [INFO] PluginManager:219 - loadIPPluginJar : add sai
2023-04-01 09:33:09,044 [INFO] IPUIPlugin:79 - create IPUIPlugin
2023-04-01 09:33:09,044 [INFO] PluginManager:219 - loadIPPluginJar : add spi
2023-04-01 09:33:09,104 [INFO] IPUIPlugin:79 - create IPUIPlugin
2023-04-01 09:33:09,104 [INFO] PluginManager:219 - loadIPPluginJar : add stm32_wpan
2023-04-01 09:33:09,133 [INFO] IPUIPlugin:79 - create IPUIPlugin
2023-04-01 09:33:09,133 [INFO] PluginManager:219 - loadIPPluginJar : add tim
2023-04-01 09:33:09,194 [INFO] IPUIPlugin:79 - create IPUIPlugin
2023-04-01 09:33:09,194 [INFO] PluginManager:219 - loadIPPluginJar : add touchsensing
2023-04-01 09:33:09,221 [INFO] IPUIPlugin:79 - create IPUIPlugin
2023-04-01 09:33:09,221 [INFO] PluginManager:219 - loadIPPluginJar : add tracer_emb
2023-04-01 09:33:09,248 [INFO] IPUIPlugin:79 - create IPUIPlugin
2023-04-01 09:33:09,248 [INFO] PluginManager:219 - loadIPPluginJar : add ts
2023-04-01 09:33:09,272 [INFO] IPUIPlugin:79 - create IPUIPlugin
2023-04-01 09:33:09,273 [INFO] PluginManager:219 - loadIPPluginJar : add tsc
2023-04-01 09:33:09,297 [INFO] IPUIPlugin:79 - create IPUIPlugin
2023-04-01 09:33:09,297 [INFO] PluginManager:219 - loadIPPluginJar : add ucpd
2023-04-01 09:33:09,361 [INFO] IPUIPlugin:79 - create IPUIPlugin
2023-04-01 09:33:09,361 [INFO] PluginManager:219 - loadIPPluginJar : add usart
2023-04-01 09:33:09,408 [INFO] IPUIPlugin:79 - create IPUIPlugin
2023-04-01 09:33:09,409 [INFO] PluginManager:219 - loadIPPluginJar : add usbx
2023-04-01 09:33:09,561 [INFO] CADModel:164 - CPN selected for project level
2023-04-01 09:33:09,561 [INFO] CADModel:113 - Register for checkConnection events
2023-04-01 09:33:09,561 [FATAL] Updater:308 - Updater called before beeing initialized
2023-04-01 09:33:09,562 [ERROR] CADModel:124 - Updater not yet initialized, retry later 
2023-04-01 09:33:09,623 [INFO] ThirdPartyUpdaterWithRetryManager:70 - Updater plugin not ready yet. [2/15]
2023-04-01 09:33:09,770 [INFO] CADModel:164 - CPN selected for project level
2023-04-01 09:33:09,770 [INFO] CADModel:113 - Register for checkConnection events
2023-04-01 09:33:09,770 [FATAL] Updater:308 - Updater called before beeing initialized
2023-04-01 09:33:09,770 [ERROR] CADModel:124 - Updater not yet initialized, retry later 
2023-04-01 09:33:09,775 [FATAL] Updater:308 - Updater called before beeing initialized
2023-04-01 09:33:09,924 [FATAL] Updater:308 - Updater called before beeing initialized
2023-04-01 09:33:09,943 [INFO] DbMcusAds:52 - JSON generation date=Tue Mar 07 03:50:55 COT 2023 (1678179055114)
2023-04-01 09:33:09,943 [FATAL] Updater:308 - Updater called before beeing initialized
2023-04-01 09:33:10,043 [WARN] DetailPanel:344 - Failed to get advertising image, set to default
2023-04-01 09:33:10,188 [FATAL] Updater:308 - Updater called before beeing initialized
2023-04-01 09:33:10,191 [FATAL] Updater:308 - Updater called before beeing initialized
2023-04-01 09:33:10,191 [FATAL] Updater:308 - Updater called before beeing initialized
2023-04-01 09:33:10,191 [WARN] DetailPanel:344 - Failed to get advertising image, set to default
2023-04-01 09:33:10,192 [FATAL] Updater:308 - Updater called before beeing initialized
2023-04-01 09:33:10,294 [ERROR] Updater:1120 - MainUpdater not yet initialized. External WinMGr cannot be set.
2023-04-01 09:33:10,310 [INFO] Updater:1056 - Updater Version found : 6.7.0
2023-04-01 09:33:10,338 [INFO] ApplicationProperties:181 - Using Application install path: C:\ST\STM32CubeIDE_1.10.1\STM32CubeIDE\plugins\com.st.stm32cube.common.mx_6.7.0.202211181646
2023-04-01 09:33:10,432 [INFO] MainUpdater:518 - Copy updater definitions from MX database
2023-04-01 09:33:11,298 [INFO] MainUpdater:2800 - connection check result : 10
2023-04-01 09:33:11,299 [INFO] MainUpdater:3494 - Updater definition file requires update
2023-04-01 09:33:11,301 [INFO] MainUpdater:282 - Updater Check For Update Now.
2023-04-01 09:33:11,302 [INFO] MicroXplorer:481 - Change Database Version : DB.6.0.70
2023-04-01 09:33:11,487 [INFO] ServerAccessManage:474 - Download File updaters.zip
2023-04-01 09:33:11,834 [INFO] FileExtend:239 - Unzip File : updaters.zip
2023-04-01 09:33:11,835 [INFO] FileExtend:254 - Standard Zip Deflate
2023-04-01 09:33:12,473 [INFO] ServerAccessManage:474 - Download File PacksControlFlags.xml
2023-04-01 09:33:12,640 [WARN] MainUpdater:1186 - Updater busy. Cannot search thirdparties
2023-04-01 09:33:12,641 [INFO] ThirdPartyUpdaterWithRetryManager:96 - Updater plugin is busy. [1/15]
2023-04-01 09:33:12,695 [INFO] ServerAccessManage:474 - Download File cubemx.pidx
2023-04-01 09:33:14,109 [INFO] ServerAccessManage:474 - Download File STMicroelectronics.X-CUBE-TOF1.pdsc
2023-04-01 09:33:14,620 [ERROR] LogOutputStream:74 - [STDERR_REDIRECT] SLF4J: Failed to load class "org.slf4j.impl.StaticLoggerBinder".
2023-04-01 09:33:14,621 [ERROR] LogOutputStream:74 - [STDERR_REDIRECT] SLF4J: Defaulting to no-operation (NOP) logger implementation
2023-04-01 09:33:14,623 [ERROR] LogOutputStream:74 - [STDERR_REDIRECT] SLF4J: See http://www.slf4j.org/codes.html#StaticLoggerBinder for further details.
2023-04-01 09:33:15,656 [WARN] MainUpdater:1186 - Updater busy. Cannot search thirdparties
2023-04-01 09:33:15,656 [INFO] ThirdPartyUpdaterWithRetryManager:96 - Updater plugin is busy. [2/15]
2023-04-01 09:33:16,037 [ERROR] ServerAccessManage:1090 - Problem, file not found on Server
2023-04-01 09:33:16,854 [INFO] ServerAccessManage:474 - Download File STMicroelectronics.X-CUBE-TOUCHGFX.pdsc
2023-04-01 09:33:18,670 [WARN] MainUpdater:1186 - Updater busy. Cannot search thirdparties
2023-04-01 09:33:18,670 [INFO] ThirdPartyUpdaterWithRetryManager:96 - Updater plugin is busy. [3/15]
2023-04-01 09:33:21,683 [WARN] MainUpdater:1186 - Updater busy. Cannot search thirdparties
2023-04-01 09:33:21,685 [INFO] ThirdPartyUpdaterWithRetryManager:96 - Updater plugin is busy. [4/15]
2023-04-01 09:33:21,741 [WARN] PackLoader:242 - Cannot read IP mode file for STMicroelectronics.X-CUBE-TOF1.3.3.0
2023-04-01 09:33:21,787 [WARN] PackLoader:242 - Cannot read IP mode file for STMicroelectronics.X-CUBE-TOUCHGFX.4.21.3
2023-04-01 09:33:21,788 [INFO] PopulateThirdPartyThread:64 - Ending populate Thread
2023-04-01 09:33:21,790 [INFO] ThirdParty:999 - CMSIS Pack Vendor :STMicroelectronics X-CUBE-TOUCHGFX 4.21.3
2023-04-01 09:33:21,790 [INFO] ThirdParty:999 - CMSIS Pack Vendor :STMicroelectronics X-CUBE-TOF1 3.3.0
2023-04-01 09:33:21,790 [INFO] LoadServerUpdatesThread:367 - End of LoadServerUpdate Thread
2023-04-01 09:33:21,850 [INFO] MainUpdater:2800 - connection check result : 10
2023-04-01 09:33:21,853 [INFO] CheckServerUpdateThread:119 - End of CheckServer Thread
2023-04-01 09:33:21,886 [INFO] McuFinderGlobals:65 - Set McuFinderConnectedMode to true
2023-04-01 09:33:22,237 [INFO] ServerAccessManage:474 - Download File mcusAds.json._tmp_
2023-04-01 09:33:22,367 [INFO] LoadUrlFilesThread:150 - End of LoadUrlFiles Thread
2023-04-01 09:33:22,674 [INFO] ServerAccessManage:474 - Download File cube-finder-db.zip
2023-04-01 09:33:24,689 [WARN] MainUpdater:1186 - Updater busy. Cannot search thirdparties
2023-04-01 09:33:24,689 [INFO] ThirdPartyUpdaterWithRetryManager:96 - Updater plugin is busy. [5/15]
2023-04-01 09:33:27,691 [WARN] MainUpdater:1186 - Updater busy. Cannot search thirdparties
2023-04-01 09:33:27,691 [INFO] ThirdPartyUpdaterWithRetryManager:96 - Updater plugin is busy. [6/15]
2023-04-01 09:33:30,701 [WARN] MainUpdater:1186 - Updater busy. Cannot search thirdparties
2023-04-01 09:33:30,701 [INFO] ThirdPartyUpdaterWithRetryManager:96 - Updater plugin is busy. [7/15]
2023-04-01 09:33:33,702 [WARN] MainUpdater:1186 - Updater busy. Cannot search thirdparties
2023-04-01 09:33:33,702 [INFO] ThirdPartyUpdaterWithRetryManager:96 - Updater plugin is busy. [8/15]
2023-04-01 09:33:36,707 [WARN] MainUpdater:1186 - Updater busy. Cannot search thirdparties
2023-04-01 09:33:36,707 [INFO] ThirdPartyUpdaterWithRetryManager:96 - Updater plugin is busy. [9/15]
2023-04-01 09:33:38,507 [INFO] FileExtend:239 - Unzip File : cube-finder-db.zip
2023-04-01 09:33:38,507 [INFO] FileExtend:254 - Standard Zip Deflate
2023-04-01 09:33:39,698 [INFO] LoadUrlFilesThread:150 - End of LoadUrlFiles Thread
2023-04-01 09:33:40,036 [WARN] PackLoader:242 - Cannot read IP mode file for STMicroelectronics.X-CUBE-GNSS1.6.0.0
2023-04-01 09:33:40,122 [WARN] PackLoader:242 - Cannot read IP mode file for STMicroelectronics.X-CUBE-AZRTOS-F4.1.1.0
2023-04-01 09:33:40,174 [WARN] PackLoader:242 - Cannot read IP mode file for STMicroelectronics.X-CUBE-BLEMGR.1.2.0
2023-04-01 09:33:40,257 [WARN] PackLoader:242 - Cannot read IP mode file for STMicroelectronics.X-CUBE-AZRTOS-F7.1.1.0
2023-04-01 09:33:40,307 [WARN] PackLoader:242 - Cannot read IP mode file for STMicroelectronics.X-CUBE-BLE1.6.2.3
2023-04-01 09:33:40,335 [WARN] PackLoader:242 - Cannot read IP mode file for STMicroelectronics.X-CUBE-BLE1.6.2.4
2023-04-01 09:33:40,368 [WARN] PackLoader:242 - Cannot read IP mode file for STMicroelectronics.X-CUBE-BLEMGR.2.0.0
2023-04-01 09:33:40,404 [WARN] PackLoader:242 - Cannot read IP mode file for STMicroelectronics.X-CUBE-NFC4.2.0.5
2023-04-01 09:33:40,420 [WARN] PackLoader:242 - Cannot read IP mode file for STMicroelectronics.X-CUBE-NFC4.2.0.4
2023-04-01 09:33:40,444 [WARN] PackLoader:242 - Cannot read IP mode file for STMicroelectronics.X-CUBE-TOF1.3.1.0
2023-04-01 09:33:40,477 [WARN] PackLoader:242 - Cannot read IP mode file for STMicroelectronics.X-CUBE-DISPLAY.3.0.0
2023-04-01 09:33:40,518 [WARN] PackLoader:242 - Cannot read IP mode file for STMicroelectronics.X-CUBE-NFC7.1.0.0
2023-04-01 09:33:40,713 [WARN] PackLoader:242 - Cannot read IP mode file for STMicroelectronics.X-CUBE-MEMS1.9.3.0
2023-04-01 09:33:40,937 [WARN] PackLoader:242 - Cannot read IP mode file for STMicroelectronics.X-CUBE-EEPRMA1.4.1.0
2023-04-01 09:33:40,966 [WARN] PackLoader:242 - Cannot read IP mode file for STMicroelectronics.X-CUBE-AI.7.2.0
2023-04-01 09:33:40,989 [WARN] PackLoader:242 - Cannot read IP mode file for WES.I-CUBE-Cesium.1.3.0
2023-04-01 09:33:41,013 [WARN] PackLoader:242 - Cannot read IP mode file for STMicroelectronics.X-CUBE-SFXS2LP1.4.0.0
2023-04-01 09:33:41,031 [WARN] PackLoader:242 - Cannot read IP mode file for STMicroelectronics.X-CUBE-BLE2.3.3.0
2023-04-01 09:33:41,052 [WARN] PackLoader:242 - Cannot read IP mode file for STMicroelectronics.X-CUBE-DISPLAY.2.2.0
2023-04-01 09:33:41,055 [INFO] ServerAccessManage:474 - Download File crdb.zip
2023-04-01 09:33:41,125 [WARN] PackLoader:242 - Cannot read IP mode file for STMicroelectronics.X-CUBE-TOF1.3.2.0
2023-04-01 09:33:41,221 [WARN] PackLoader:242 - Cannot read IP mode file for STMicroelectronics.X-CUBE-AZRTOS-H7.3.0.0
2023-04-01 09:33:41,248 [WARN] PackLoader:242 - Cannot read IP mode file for STMicroelectronics.X-CUBE-ISPU.1.0.0
2023-04-01 09:33:41,264 [WARN] PackLoader:242 - Cannot read IP mode file for STMicroelectronics.X-CUBE-ISPU.1.1.0
2023-04-01 09:33:41,284 [WARN] PackLoader:242 - Cannot read IP mode file for RoweBots.I-CUBE-UNISONRTOS.5.5.0-4
2023-04-01 09:33:41,320 [WARN] PackLoader:242 - Cannot read IP mode file for STMicroelectronics.X-CUBE-AZRTOS-H7.2.1.0
2023-04-01 09:33:41,338 [WARN] PackLoader:242 - Cannot read IP mode file for wolfSSL.I-CUBE-wolfSSL.5.4.0
2023-04-01 09:33:41,352 [WARN] PackLoader:242 - Cannot read IP mode file for STMicroelectronics.X-CUBE-AI.8.0.0
2023-04-01 09:33:41,366 [WARN] PackLoader:242 - Cannot read IP mode file for STMicroelectronics.X-CUBE-FREERTOS.1.0.0
2023-04-01 09:33:41,380 [WARN] PackLoader:242 - Cannot read IP mode file for STMicroelectronics.X-CUBE-TOUCHGFX.4.21.1
2023-04-01 09:33:41,383 [WARN] PackLoader:242 - Cannot read IP mode file for STMicroelectronics.X-CUBE-TOUCHGFX.4.21.3
2023-04-01 09:33:41,400 [WARN] PackLoader:242 - Cannot read IP mode file for STMicroelectronics.X-CUBE-BLEMGR.1.0.0
2023-04-01 09:33:41,456 [WARN] PackLoader:242 - Cannot read IP mode file for STMicroelectronics.X-CUBE-MEMS1.9.4.0
2023-04-01 09:33:41,606 [WARN] PackLoader:242 - Cannot read IP mode file for STMicroelectronics.X-CUBE-AI.7.3.0
2023-04-01 09:33:41,622 [WARN] PackLoader:242 - Cannot read IP mode file for STMicroelectronics.X-CUBE-ALGOBUILD.1.3.0
2023-04-01 09:33:41,653 [WARN] PackLoader:242 - Cannot read IP mode file for STMicroelectronics.X-CUBE-AZRTOS-L5.1.1.0
2023-04-01 09:33:41,694 [WARN] PackLoader:242 - Cannot read IP mode file for STMicroelectronics.X-CUBE-AZRTOS-G0.1.1.0
2023-04-01 09:33:41,719 [WARN] PackLoader:242 - Cannot read IP mode file for STMicroelectronics.X-CUBE-SUBG2.5.0.0
2023-04-01 09:33:41,763 [WARN] PackLoader:242 - Cannot read IP mode file for STMicroelectronics.X-CUBE-NFC4.3.0.0
2023-04-01 09:33:41,832 [WARN] PackLoader:242 - Cannot read IP mode file for SEGGER.I-CUBE-embOS.1.2.0
2023-04-01 09:33:41,883 [WARN] PackLoader:242 - Cannot read IP mode file for STMicroelectronics.X-CUBE-TOF1.3.3.0
2023-04-01 09:33:41,903 [WARN] PackLoader:242 - Cannot read IP mode file for STMicroelectronics.FP-ATR-ASTRA1.1.1.1
2023-04-01 09:33:41,967 [WARN] PackLoader:242 - Cannot read IP mode file for STMicroelectronics.FP-ATR-ASTRA1.1.1.0
2023-04-01 09:33:41,987 [WARN] PackLoader:242 - Cannot read IP mode file for STMicroelectronics.X-CUBE-BLEMGR.1.3.0
2023-04-01 09:33:42,023 [WARN] PackLoader:242 - Cannot read IP mode file for STMicroelectronics.X-CUBE-AZRTOS-G4.1.0.0
2023-04-01 09:33:42,034 [WARN] PackLoader:242 - Cannot read IP mode file for STMicroelectronics.FP-ATR-SIGFOX1.3.2.0
2023-04-01 09:33:42,069 [WARN] PackLoader:242 - Cannot read IP mode file for STMicroelectronics.X-CUBE-AZRTOS-L4.1.0.0
2023-04-01 09:33:42,090 [WARN] PackLoader:242 - Cannot read IP mode file for emotas.I-CUBE-CANOPEN.1.1.2
2023-04-01 09:33:42,104 [WARN] PackLoader:242 - Cannot read IP mode file for STMicroelectronics.X-CUBE-TOUCHGFX.4.20.0
2023-04-01 09:33:42,135 [WARN] PackLoader:242 - Cannot read IP mode file for STMicroelectronics.X-CUBE-AZRTOS-WL.1.0.0
2023-04-01 09:33:42,153 [WARN] PackLoader:242 - Cannot read IP mode file for portGmbH.I-Cube-SoM-uGOAL.1.1.0
2023-04-01 09:33:42,168 [WARN] PackLoader:242 - Cannot read IP mode file for STMicroelectronics.X-CUBE-ALS.1.0.1
2023-04-01 09:33:42,236 [WARN] PackLoader:242 - Cannot read IP mode file for STMicroelectronics.X-CUBE-MEMS1.9.5.0
2023-04-01 09:33:42,388 [WARN] PackLoader:242 - Cannot read IP mode file for STMicroelectronics.X-CUBE-AZRTOS-WB.1.1.0
2023-04-01 09:33:42,446 [WARN] PackLoader:242 - Cannot read IP mode file for SEGGER.I-CUBE-embOS.1.3.1
2023-04-01 09:33:42,549 [WARN] PackLoader:242 - Cannot read IP mode file for STMicroelectronics.X-CUBE-AZRTOS-L5.1.0.0
2023-04-01 09:33:42,573 [WARN] PackLoader:242 - Cannot read IP mode file for STMicroelectronics.X-CUBE-EEPRMA1.3.1.1
2023-04-01 09:33:42,575 [INFO] ThirdParty:947 - Integrity check success = true
2023-04-01 09:33:42,575 [INFO] IntegrityCheckThread:98 - exiting critical section [integrity check]
2023-04-01 09:33:42,575 [INFO] IntegrityCheckThread:101 - End integrity checks thread
2023-04-01 09:33:44,257 [INFO] FileExtend:239 - Unzip File : crdb.zip
2023-04-01 09:33:44,258 [INFO] FileExtend:254 - Standard Zip Deflate
2023-04-01 09:33:44,414 [INFO] LoadUrlFilesThread:150 - End of LoadUrlFiles Thread
2023-04-01 09:33:44,754 [INFO] ServerAccessManage:474 - Download File tutoVideoDB.zip
2023-04-01 09:33:45,084 [INFO] FileExtend:239 - Unzip File : tutoVideoDB.zip
2023-04-01 09:33:45,084 [INFO] FileExtend:254 - Standard Zip Deflate
2023-04-01 09:33:45,210 [INFO] LoadUrlFilesThread:150 - End of LoadUrlFiles Thread
2023-04-01 09:33:45,220 [INFO] JxBrowserEngine:114 - Initiate JxBrowser Engine with user profile folder
2023-04-01 09:33:49,965 [WARN] DbFile:40 - Overriding database path with different value: C:\Users\Jorge\.stmcufinder\plugins\mcufinder/ => C:\Users\Jorge\.stmcufinder\plugins\mcufinder
2023-04-01 09:33:50,065 [INFO] ServerAccessManage:474 - Download File api_config.json
2023-04-01 09:33:50,185 [INFO] LoadUrlFilesThread:150 - End of LoadUrlFiles Thread
2023-04-01 09:33:50,187 [INFO] DbMcusAds:52 - JSON generation date=Tue Mar 07 03:50:55 COT 2023 (1678179055335)
2023-04-01 09:33:50,255 [INFO] LoadUrlFilesThread:179 - End of LoadServerUrlFiles without Thread
2023-04-01 09:33:50,256 [INFO] TargetSelectorAdapter:258 - Refresh data is successful
2023-04-01 09:33:50,449 [INFO] ApiDb:580 - Connected to CubeFinder SQLite database (C:\Users\Jorge\.stmcufinder\plugins\mcufinder\mcu\cube-finder-db.db)
2023-04-01 09:33:50,568 [INFO] ApiDb:667 - CubeFinder database Data Model version=2.1
2023-04-01 09:33:50,568 [INFO] ApiDb:668 - CubeFinder database Configuration version=3.0.35
2023-04-01 09:33:50,569 [INFO] ApiDb:669 - CubeFinder database generation date=2023-03-10 (1678456172)
2023-04-01 09:33:50,569 [INFO] ApiDb:670 - CubeFinder database FW Pack versions=[FP-ATR-ASTRA1_V1.1.1, STM32Cube_FW_C0_V1.0.1, STM32Cube_FW_F0_V1.11.4, STM32Cube_FW_F3_V1.11.4, STM32Cube_FW_F4_V1.27.1, STM32Cube_FW_F7_V1.17.0, STM32Cube_FW_G0_V1.6.1, STM32Cube_FW_G4_V1.5.1, STM32Cube_FW_H5_V0.5.1, STM32Cube_FW_H5_V1.0.0, STM32Cube_FW_H7_V1.11.0, STM32Cube_FW_L0_V1.12.2, STM32Cube_FW_L5_V1.5.0, STM32Cube_FW_U5_V1.2.0, STM32Cube_FW_WBA_V1.0.0, STM32Cube_FW_WBA_V1.0.0RC1, STM32Cube_FW_WBA_V1.0.0RC3, STM32Cube_FW_WB_V1.15.0RC1, STM32Cube_FW_WB_V1.16.0, STM32Cube_FW_WB_V1.16.0RC2, STM32Cube_FW_WL_V1.3.0, X-CUBE-ALGOBUILD_V1.3.0, X-CUBE-ALS_V1.0.1, X-CUBE-AZRTOS-F4_V1.1.0, X-CUBE-AZRTOS-F7_V1.1.0, X-CUBE-AZRTOS-G0_V1.1.0, X-CUBE-AZRTOS-G4_V1.0.0, X-CUBE-AZRTOS-H7_V3.0.0, X-CUBE-AZRTOS-L4_V1.0.0, X-CUBE-AZRTOS-L5_V1.1.0, X-CUBE-AZRTOS-WB_V1.1.0, X-CUBE-AZRTOS-WL_V1.0.0, X-CUBE-BLE1_V6.2.4, X-CUBE-BLE2_V3.3.0, X-CUBE-BLEMGR_V1.3.0, X-CUBE-EEPRMA1_V4.1.0, X-CUBE-GNSS1_V6.0.0, X-CUBE-MEMS1_V9.1.0, X-CUBE-MEMS1_V9.4.0, X-CUBE-MEMS1_V9.5.0, X-CUBE-NFC4_V3.0.0, X-CUBE-NFC7_V1.0.0, X-CUBE-SFXS2LP1_V4.0.0, X-CUBE-SUBG2_V5.0.0]
2023-04-01 09:33:53,274 [INFO] ApiDb:239 - Found 143 in-development CPN: [B-WB1M-WPAN1, B-WL5M-SUBG1, NUCLEO-C031C6, STEVAL-PROTEUS1, STEVAL-STWINBX1, STM320518-EVAL, STM32C0116-DK, STM32C011D6Y3TR, STM32C011D6Y6TR, STM32C011F4P3, STM32C011F4P6, STM32C011F4U3, STM32C011F4U6TR, STM32C011F6P3, STM32C011F6P6, STM32C011F6U3, STM32C011F6U6TR, STM32C011J4M3, STM32C011J4M6, STM32C011J6M3, STM32C011J6M6, STM32C0316-DK, STM32C031C4T3, STM32C031C4T6, STM32C031C4U3, STM32C031C4U6, STM32C031C6T3, STM32C031C6T6, STM32C031C6U3, STM32C031C6U6, STM32C031F4P3, STM32C031F4P6, STM32C031F6P3, STM32C031F6P6, STM32C031G4U3, STM32C031G4U6, STM32C031G6U3, STM32C031G6U6, STM32C031K4T3, STM32C031K4T6, STM32C031K4U3, STM32C031K4U6, STM32C031K6T3, STM32C031K6T6, STM32C031K6U3, STM32C031K6U6, STM32G071K8TXN, STM32G071K8UXN, STM32G081GBU6N, STM32G081KBT6N, STM32G081KBUXN, STM32G0B1CCT6N, STM32G0B1KCT6, STM32G0B1NEY6TR, STM32G0B1RCT6N, STM32G0C1CCT6, STM32G0C1CCT6N, STM32G0C1CCU6N, STM32G0C1CET6N, STM32G0C1CEU6N, STM32G0C1KCT6, STM32G0C1NEY6TR, STM32G0C1RCI6N, STM32G0C1RCT6N, STM32G0C1REI6N, STM32G0C1RET6N, STM32G0C1VCI6, STM32G0C1VEI6, STM32G471CCT6, STM32G471CCU6, STM32G471CET3, STM32G471CET6, STM32G471CEU3, STM32G471CEU6, STM32G471MCT6, STM32G471MET3, STM32G471MET6, STM32G471MEY6TR, STM32G471QCT6, STM32G471QET3, STM32G471RCT6, STM32G471RET3, STM32G471RET6, STM32G471VCH6, STM32G471VCI6, STM32G471VCT6, STM32G471VEH3, STM32G471VEH6, STM32G471VEI3, STM32G471VEI6, STM32G471VET3, STM32G471VET6, STM32G474CCT6, STM32L476VGY6PTR, STM32L4R5QGI6STR, STM32MP131AAE3, STM32MP131AAF3, STM32MP131AAG3, STM32MP131CAE3, STM32MP131CAF3, STM32MP131CAG3, STM32MP131DAE7, STM32MP131DAF7, STM32MP131DAG7, STM32MP131FAE7, STM32MP131FAF7, STM32MP131FAG7, STM32MP133AAE3, STM32MP133AAF3, STM32MP133AAG3, STM32MP133CAE3, STM32MP133CAF3, STM32MP133CAG3, STM32MP133DAE7, STM32MP133DAF7, STM32MP133DAG7, STM32MP133FAE7, STM32MP133FAF7, STM32MP133FAG7, STM32MP135AAE3, STM32MP135AAF3, STM32MP135AAG3, STM32MP135CAE3, STM32MP135CAF3, STM32MP135CAG3, STM32MP135DAE7, STM32MP135DAF7, STM32MP135DAG7, STM32MP135F-DK, STM32MP135FAE7, STM32MP135FAF7, STM32MP135FAF7T, STM32MP135FAF7U, STM32MP135FAG7, STM32U595ZJT6Q, STM32U599BJY6QTR, STM32U599NIH6Q, STM32U599NJH6Q, STM32U5A5ZJT6Q, STM32U5A9BJY6QTR, STM32U5A9NJH6Q, STM32WB1MMCH6, STM32WL5MOCH6TR]
2023-04-01 09:33:53,285 [INFO] DbMcus:215 - Found 3680 MCUs, 3680 are supported
2023-04-01 09:33:53,294 [INFO] ApiDb:422 - Load user favorites file C:\Users\Jorge/.stm32cubeide/favorites.mcus.txt: 0 item(s)
2023-04-01 09:33:53,294 [INFO] ApiDb:426 - User favorites MCUs=[]
2023-04-01 09:33:53,295 [INFO] DbMcus:221 - Set 0 / 0 favorites MCUs
2023-04-01 09:33:53,580 [INFO] ApiDb:667 - CubeFinder database Data Model version=2.1
2023-04-01 09:33:53,580 [INFO] ApiDb:668 - CubeFinder database Configuration version=3.0.35
2023-04-01 09:33:53,581 [INFO] ApiDb:669 - CubeFinder database generation date=2023-03-10 (1678456172)
2023-04-01 09:33:53,581 [INFO] ApiDb:670 - CubeFinder database FW Pack versions=[FP-ATR-ASTRA1_V1.1.1, STM32Cube_FW_C0_V1.0.1, STM32Cube_FW_F0_V1.11.4, STM32Cube_FW_F3_V1.11.4, STM32Cube_FW_F4_V1.27.1, STM32Cube_FW_F7_V1.17.0, STM32Cube_FW_G0_V1.6.1, STM32Cube_FW_G4_V1.5.1, STM32Cube_FW_H5_V0.5.1, STM32Cube_FW_H5_V1.0.0, STM32Cube_FW_H7_V1.11.0, STM32Cube_FW_L0_V1.12.2, STM32Cube_FW_L5_V1.5.0, STM32Cube_FW_U5_V1.2.0, STM32Cube_FW_WBA_V1.0.0, STM32Cube_FW_WBA_V1.0.0RC1, STM32Cube_FW_WBA_V1.0.0RC3, STM32Cube_FW_WB_V1.15.0RC1, STM32Cube_FW_WB_V1.16.0, STM32Cube_FW_WB_V1.16.0RC2, STM32Cube_FW_WL_V1.3.0, X-CUBE-ALGOBUILD_V1.3.0, X-CUBE-ALS_V1.0.1, X-CUBE-AZRTOS-F4_V1.1.0, X-CUBE-AZRTOS-F7_V1.1.0, X-CUBE-AZRTOS-G0_V1.1.0, X-CUBE-AZRTOS-G4_V1.0.0, X-CUBE-AZRTOS-H7_V3.0.0, X-CUBE-AZRTOS-L4_V1.0.0, X-CUBE-AZRTOS-L5_V1.1.0, X-CUBE-AZRTOS-WB_V1.1.0, X-CUBE-AZRTOS-WL_V1.0.0, X-CUBE-BLE1_V6.2.4, X-CUBE-BLE2_V3.3.0, X-CUBE-BLEMGR_V1.3.0, X-CUBE-EEPRMA1_V4.1.0, X-CUBE-GNSS1_V6.0.0, X-CUBE-MEMS1_V9.1.0, X-CUBE-MEMS1_V9.4.0, X-CUBE-MEMS1_V9.5.0, X-CUBE-NFC4_V3.0.0, X-CUBE-NFC7_V1.0.0, X-CUBE-SFXS2LP1_V4.0.0, X-CUBE-SUBG2_V5.0.0]
2023-04-01 09:33:53,662 [INFO] DbBoardsSqlite:225 - include board P-NUCLEO-WB55-NUCLEO as a kit item of type 'Nucleo-64'
2023-04-01 09:33:53,662 [INFO] DbBoardsSqlite:225 - include board P-NUCLEO-WB55-USBDONGLE as a kit item of type 'Nucleo USB Dongle'
2023-04-01 09:33:53,662 [INFO] DbBoardsSqlite:225 - include board STEVAL-IDP005V1 as a kit item of type 'Evaluation Board'
2023-04-01 09:33:53,663 [INFO] DbBoardsSqlite:225 - include board STEVAL-IDP005V2 as a kit item of type 'Evaluation Board'
2023-04-01 09:33:53,733 [INFO] ApiDb:239 - Found 143 in-development CPN: [B-WB1M-WPAN1, B-WL5M-SUBG1, NUCLEO-C031C6, STEVAL-PROTEUS1, STEVAL-STWINBX1, STM320518-EVAL, STM32C0116-DK, STM32C011D6Y3TR, STM32C011D6Y6TR, STM32C011F4P3, STM32C011F4P6, STM32C011F4U3, STM32C011F4U6TR, STM32C011F6P3, STM32C011F6P6, STM32C011F6U3, STM32C011F6U6TR, STM32C011J4M3, STM32C011J4M6, STM32C011J6M3, STM32C011J6M6, STM32C0316-DK, STM32C031C4T3, STM32C031C4T6, STM32C031C4U3, STM32C031C4U6, STM32C031C6T3, STM32C031C6T6, STM32C031C6U3, STM32C031C6U6, STM32C031F4P3, STM32C031F4P6, STM32C031F6P3, STM32C031F6P6, STM32C031G4U3, STM32C031G4U6, STM32C031G6U3, STM32C031G6U6, STM32C031K4T3, STM32C031K4T6, STM32C031K4U3, STM32C031K4U6, STM32C031K6T3, STM32C031K6T6, STM32C031K6U3, STM32C031K6U6, STM32G071K8TXN, STM32G071K8UXN, STM32G081GBU6N, STM32G081KBT6N, STM32G081KBUXN, STM32G0B1CCT6N, STM32G0B1KCT6, STM32G0B1NEY6TR, STM32G0B1RCT6N, STM32G0C1CCT6, STM32G0C1CCT6N, STM32G0C1CCU6N, STM32G0C1CET6N, STM32G0C1CEU6N, STM32G0C1KCT6, STM32G0C1NEY6TR, STM32G0C1RCI6N, STM32G0C1RCT6N, STM32G0C1REI6N, STM32G0C1RET6N, STM32G0C1VCI6, STM32G0C1VEI6, STM32G471CCT6, STM32G471CCU6, STM32G471CET3, STM32G471CET6, STM32G471CEU3, STM32G471CEU6, STM32G471MCT6, STM32G471MET3, STM32G471MET6, STM32G471MEY6TR, STM32G471QCT6, STM32G471QET3, STM32G471RCT6, STM32G471RET3, STM32G471RET6, STM32G471VCH6, STM32G471VCI6, STM32G471VCT6, STM32G471VEH3, STM32G471VEH6, STM32G471VEI3, STM32G471VEI6, STM32G471VET3, STM32G471VET6, STM32G474CCT6, STM32L476VGY6PTR, STM32L4R5QGI6STR, STM32MP131AAE3, STM32MP131AAF3, STM32MP131AAG3, STM32MP131CAE3, STM32MP131CAF3, STM32MP131CAG3, STM32MP131DAE7, STM32MP131DAF7, STM32MP131DAG7, STM32MP131FAE7, STM32MP131FAF7, STM32MP131FAG7, STM32MP133AAE3, STM32MP133AAF3, STM32MP133AAG3, STM32MP133CAE3, STM32MP133CAF3, STM32MP133CAG3, STM32MP133DAE7, STM32MP133DAF7, STM32MP133DAG7, STM32MP133FAE7, STM32MP133FAF7, STM32MP133FAG7, STM32MP135AAE3, STM32MP135AAF3, STM32MP135AAG3, STM32MP135CAE3, STM32MP135CAF3, STM32MP135CAG3, STM32MP135DAE7, STM32MP135DAF7, STM32MP135DAG7, STM32MP135F-DK, STM32MP135FAE7, STM32MP135FAF7, STM32MP135FAF7T, STM32MP135FAF7U, STM32MP135FAG7, STM32U595ZJT6Q, STM32U599BJY6QTR, STM32U599NIH6Q, STM32U599NJH6Q, STM32U5A5ZJT6Q, STM32U5A9BJY6QTR, STM32U5A9NJH6Q, STM32WB1MMCH6, STM32WL5MOCH6TR]
2023-04-01 09:33:53,959 [INFO] BoardInfo:879 - No configuration file found for board P-NUCLEO-WB55
2023-04-01 09:33:53,959 [INFO] DbBoards:156 - Kit is not supported: P-NUCLEO-WB55
2023-04-01 09:33:53,966 [INFO] BoardInfo:879 - No configuration file found for board STEVAL-BFA001V1B
2023-04-01 09:33:53,966 [INFO] DbBoards:156 - Kit is not supported: STEVAL-BFA001V1B
2023-04-01 09:33:53,967 [INFO] BoardInfo:879 - No configuration file found for board STEVAL-BFA001V2B
2023-04-01 09:33:53,968 [INFO] DbBoards:156 - Kit is not supported: STEVAL-BFA001V2B
2023-04-01 09:33:54,150 [INFO] DbBoards:160 - Found 179 boards, 176 are supported
2023-04-01 09:33:54,158 [INFO] ApiDb:422 - Load user favorites file C:\Users\Jorge/.stm32cubeide/favorites.boards.txt: 0 item(s)
2023-04-01 09:33:54,158 [INFO] ApiDb:426 - User favorites Boards=[]
2023-04-01 09:33:54,158 [INFO] DbBoards:189 - Set 0 / 0 favorites Boards
2023-04-01 09:33:54,162 [INFO] ApiDb:667 - CubeFinder database Data Model version=2.1
2023-04-01 09:33:54,163 [INFO] ApiDb:668 - CubeFinder database Configuration version=3.0.35
2023-04-01 09:33:54,163 [INFO] ApiDb:669 - CubeFinder database generation date=2023-03-10 (1678456172)
2023-04-01 09:33:54,163 [INFO] ApiDb:670 - CubeFinder database FW Pack versions=[FP-ATR-ASTRA1_V1.1.1, STM32Cube_FW_C0_V1.0.1, STM32Cube_FW_F0_V1.11.4, STM32Cube_FW_F3_V1.11.4, STM32Cube_FW_F4_V1.27.1, STM32Cube_FW_F7_V1.17.0, STM32Cube_FW_G0_V1.6.1, STM32Cube_FW_G4_V1.5.1, STM32Cube_FW_H5_V0.5.1, STM32Cube_FW_H5_V1.0.0, STM32Cube_FW_H7_V1.11.0, STM32Cube_FW_L0_V1.12.2, STM32Cube_FW_L5_V1.5.0, STM32Cube_FW_U5_V1.2.0, STM32Cube_FW_WBA_V1.0.0, STM32Cube_FW_WBA_V1.0.0RC1, STM32Cube_FW_WBA_V1.0.0RC3, STM32Cube_FW_WB_V1.15.0RC1, STM32Cube_FW_WB_V1.16.0, STM32Cube_FW_WB_V1.16.0RC2, STM32Cube_FW_WL_V1.3.0, X-CUBE-ALGOBUILD_V1.3.0, X-CUBE-ALS_V1.0.1, X-CUBE-AZRTOS-F4_V1.1.0, X-CUBE-AZRTOS-F7_V1.1.0, X-CUBE-AZRTOS-G0_V1.1.0, X-CUBE-AZRTOS-G4_V1.0.0, X-CUBE-AZRTOS-H7_V3.0.0, X-CUBE-AZRTOS-L4_V1.0.0, X-CUBE-AZRTOS-L5_V1.1.0, X-CUBE-AZRTOS-WB_V1.1.0, X-CUBE-AZRTOS-WL_V1.0.0, X-CUBE-BLE1_V6.2.4, X-CUBE-BLE2_V3.3.0, X-CUBE-BLEMGR_V1.3.0, X-CUBE-EEPRMA1_V4.1.0, X-CUBE-GNSS1_V6.0.0, X-CUBE-MEMS1_V9.1.0, X-CUBE-MEMS1_V9.4.0, X-CUBE-MEMS1_V9.5.0, X-CUBE-NFC4_V3.0.0, X-CUBE-NFC7_V1.0.0, X-CUBE-SFXS2LP1_V4.0.0, X-CUBE-SUBG2_V5.0.0]
2023-04-01 09:33:55,427 [INFO] DbExamplesSqlite:375 - Ignored 46 examples not supported by CubeIDE
2023-04-01 09:33:55,427 [INFO] DbExamplesSqlite:376 - Found 7328 examples active
2023-04-01 09:33:55,428 [INFO] DbExamplesSqlite:377 - Found 1095 examples obsolete
2023-04-01 09:33:55,428 [INFO] DbExamplesSqlite:378 - Found 0 examples under development
2023-04-01 09:33:55,428 [INFO] DbExamplesSqlite:379 - Found 77 examples not building
2023-04-01 09:33:55,430 [INFO] DbExamples:124 - Found 7359 examples
2023-04-01 09:33:55,606 [ERROR] DbExamples:207 - Found 498 examples with invalid data (board or MCU)
2023-04-01 09:33:55,606 [INFO] DbExamples:221 - Found 85 boards with related examples
2023-04-01 09:33:55,609 [INFO] DbExamples:234 - Found 76 MCUs with related examples
2023-04-01 09:33:55,637 [INFO] ApiDb:413 - User favorites file not found: C:\Users\Jorge/.stm32cubeide/favorites.examples.txt
2023-04-01 09:33:55,637 [INFO] DbExamples:249 - Set 0 / 0 favorites Examples
2023-04-01 09:33:56,064 [INFO] McuFinderGlobals:65 - Set McuFinderConnectedMode to true
2023-04-01 09:33:56,075 [INFO] MultiScanPanel:196 - Auto-refresh data requested => check proxy status ongoing
2023-04-01 09:33:56,079 [INFO] FinderPluginLoader:92 - Searching for filters in installed packs
2023-04-01 09:33:58,887 [INFO] LoadUrlFilesThread:179 - End of LoadServerUrlFiles without Thread
2023-04-01 09:33:58,906 [INFO] DetailPanel:339 - Set advertising image to C:/Users/Jorge/STM32Cube/Repository/\en.prom-stm32h5-mcu-finder.jpg
2023-04-01 09:34:11,101 [INFO] MultiScanPanel:196 - Auto-refresh data requested => check proxy status ongoing
2023-04-01 09:34:11,307 [INFO] LoadUrlFilesThread:179 - End of LoadServerUrlFiles without Thread
2023-04-01 09:34:11,308 [INFO] DetailPanel:339 - Set advertising image to C:/Users/Jorge/STM32Cube/Repository/\en.prom-stm32h5-mcu-finder.jpg
2023-04-01 09:34:11,339 [INFO] DbBoards:633 - Loading board mini-images...
2023-04-01 09:34:14,339 [INFO] DbBoards:656 - Loaded 179 board mini-images
2023-04-01 09:35:33,588 [INFO] MainUpdater:2800 - connection check result : 10
2023-04-01 09:35:33,590 [INFO] MainUpdater:2800 - connection check result : 10
2023-04-01 09:35:33,640 [INFO] MicroXplorer:451 - Change Database Path : 
2023-04-01 09:35:33,641 [INFO] MicroXplorer:481 - Change Database Version : DB.6.0.70
2023-04-01 09:35:33,641 [WARN] ThirdParty:845 - waiting for thirdparty lock release [close project]
2023-04-01 09:35:33,641 [INFO] ThirdParty:847 - entering critical section [close project]
2023-04-01 09:35:33,643 [INFO] ThirdParty:857 - exiting critical section [close project]
2023-04-01 09:35:33,648 [INFO] PinOutPanel:1477 - setPackage(No Configuration,No Configuration)
2023-04-01 09:35:33,666 [INFO] UtilMem:74 - Begin LoadConfig() Used Memory: 740129680 Bytes (761266176)
2023-04-01 09:35:33,675 [INFO] OpenFileManager:307 - Change cursor
2023-04-01 09:35:33,774 [INFO] ProjectFactory:399 - No CPN specified for board NUCLEO-L476RG => set CPN to STM32L476RGT3
2023-04-01 09:35:33,775 [INFO] Mcu:1925 - Initializing MCU STM32L476R(C-E-G)Tx STM32L476RGTx STM32L476RGT3
2023-04-01 09:35:37,960 [INFO] Context:654 - Trying to add GPIOservice into a context  which must be forbidden
2023-04-01 09:35:38,927 [INFO] Rule:225 - rule 117617 - U5Cobra4M][GTZC] default value MPCBB3 and MPCBB5 - Not Secured memory - MPCBB1 is applicable
2023-04-01 09:35:38,927 [INFO] Rule:225 - rule 117617 - U5Cobra4M][GTZC] default value MPCBB3 and MPCBB5 - Not Secured memory - MPCBB1 is applicable
2023-04-01 09:35:38,927 [INFO] Rule:225 - rule 117617 - U5Cobra4M][GTZC] default value MPCBB3 and MPCBB5 - Not Secured memory - MPCBB2 is applicable
2023-04-01 09:35:38,927 [INFO] Rule:225 - rule 117617 - U5Cobra4M][GTZC] default value MPCBB3 and MPCBB5 - Not Secured memory - MPCBB2 is applicable
2023-04-01 09:35:38,927 [INFO] Rule:225 - rule 117617 - U5Cobra4M][GTZC] default value MPCBB3 and MPCBB5 - Not Secured memory - MPCBB3 is applicable
2023-04-01 09:35:38,927 [INFO] Rule:225 - rule 117617 - U5Cobra4M][GTZC] default value MPCBB3 and MPCBB5 - Not Secured memory - MPCBB3 is applicable
2023-04-01 09:35:38,927 [INFO] Rule:225 - rule 117617 - U5Cobra4M][GTZC] default value MPCBB3 and MPCBB5 - Not Secured memory - MPCBB4 is applicable
2023-04-01 09:35:38,928 [INFO] Rule:225 - rule 117617 - U5Cobra4M][GTZC] default value MPCBB3 and MPCBB5 - Not Secured memory - MPCBB4 is applicable
2023-04-01 09:35:38,928 [INFO] Rule:225 - rule 117617 - U5Cobra4M][GTZC] default value MPCBB3 and MPCBB5 - Secured memory - MPCBB1 is applicable
2023-04-01 09:35:38,928 [INFO] Rule:225 - rule 117617 - U5Cobra4M][GTZC] default value MPCBB3 and MPCBB5 - Secured memory - MPCBB2 is applicable
2023-04-01 09:35:38,928 [INFO] Rule:225 - rule 117617 - U5Cobra4M][GTZC] default value MPCBB3 and MPCBB5 - Secured memory - MPCBB3 is applicable
2023-04-01 09:35:38,928 [INFO] Rule:225 - rule 117617 - U5Cobra4M][GTZC] default value MPCBB3 and MPCBB5 - Secured memory - MPCBB4 is applicable
2023-04-01 09:35:38,928 [INFO] Rule:225 - rule 117617 - U5Cobra4M][GTZC] default value MPCBB3 and MPCBB5 - Privileged memory - MPCBB1 is applicable
2023-04-01 09:35:38,928 [INFO] Rule:225 - rule 117617 - U5Cobra4M][GTZC] default value MPCBB3 and MPCBB5 - Privileged memory - MPCBB2 is applicable
2023-04-01 09:35:38,928 [INFO] Rule:225 - rule 117617 - U5Cobra4M][GTZC] default value MPCBB3 and MPCBB5 - Privileged memory - MPCBB3 is applicable
2023-04-01 09:35:38,928 [INFO] Rule:225 - rule 117617 - U5Cobra4M][GTZC] default value MPCBB3 and MPCBB5 - Privileged memory - MPCBB4 is applicable
2023-04-01 09:35:38,928 [INFO] Rule:225 - rule 117617 - U5Cobra4M][GTZC] default value MPCBB3 and MPCBB5 - Not Privileged memory - MPCBB1 is applicable
2023-04-01 09:35:38,928 [INFO] Rule:225 - rule 117617 - U5Cobra4M][GTZC] default value MPCBB3 and MPCBB5 - Not Privileged memory - MPCBB2 is applicable
2023-04-01 09:35:38,931 [INFO] Rule:225 - rule 117617 - U5Cobra4M][GTZC] default value MPCBB3 and MPCBB5 - Not Privileged memory - MPCBB3 is applicable
2023-04-01 09:35:38,931 [INFO] Rule:225 - rule 117617 - U5Cobra4M][GTZC] default value MPCBB3 and MPCBB5 - Not Privileged memory - MPCBB4 is applicable
2023-04-01 09:35:38,932 [INFO] Rule:225 - rule 117617 - U5Cobra4M][GTZC] default value MPCBB3 and MPCBB5 - Privileged memory - MPCBB1 is applicable
2023-04-01 09:35:38,932 [INFO] Rule:225 - rule 117617 - U5Cobra4M][GTZC] default value MPCBB3 and MPCBB5 - Privileged memory - MPCBB2 is applicable
2023-04-01 09:35:38,932 [INFO] Rule:225 - rule 117617 - U5Cobra4M][GTZC] default value MPCBB3 and MPCBB5 - Privileged memory - MPCBB3 is applicable
2023-04-01 09:35:38,932 [INFO] Rule:225 - rule 117617 - U5Cobra4M][GTZC] default value MPCBB3 and MPCBB5 - Privileged memory - MPCBB4 is applicable
2023-04-01 09:35:38,932 [INFO] Rule:225 - rule 117617 - U5Cobra4M][GTZC] default value MPCBB3 and MPCBB5 - Privileged memory - MPCBB1 is applicable
2023-04-01 09:35:38,932 [INFO] Rule:225 - rule 117617 - U5Cobra4M][GTZC] default value MPCBB3 and MPCBB5 - Privileged memory - MPCBB2 is applicable
2023-04-01 09:35:38,932 [INFO] Rule:225 - rule 117617 - U5Cobra4M][GTZC] default value MPCBB3 and MPCBB5 - Privileged memory - MPCBB3 is applicable
2023-04-01 09:35:38,932 [INFO] Rule:225 - rule 117617 - U5Cobra4M][GTZC] default value MPCBB3 and MPCBB5 - Privileged memory - MPCBB4 is applicable
2023-04-01 09:35:38,932 [INFO] Rule:225 - rule 117617 - U5Cobra4M][GTZC] default value MPCBB3 and MPCBB5 - Not Privileged memory - MPCBB1 is applicable
2023-04-01 09:35:38,932 [INFO] Rule:225 - rule 117617 - U5Cobra4M][GTZC] default value MPCBB3 and MPCBB5 - Not Privileged memory - MPCBB2 is applicable
2023-04-01 09:35:38,932 [INFO] Rule:225 - rule 117617 - U5Cobra4M][GTZC] default value MPCBB3 and MPCBB5 - Not Privileged memory - MPCBB3 is applicable
2023-04-01 09:35:38,934 [INFO] Rule:225 - rule 117617 - U5Cobra4M][GTZC] default value MPCBB3 and MPCBB5 - Not Privileged memory - MPCBB4 is applicable
2023-04-01 09:35:38,934 [INFO] Rule:225 - rule 117617 - U5Cobra4M][GTZC] default value MPCBB3 and MPCBB5 - Privileged memory - MPCBB1 is applicable
2023-04-01 09:35:38,934 [INFO] Rule:225 - rule 117617 - U5Cobra4M][GTZC] default value MPCBB3 and MPCBB5 - Privileged memory - MPCBB2 is applicable
2023-04-01 09:35:38,934 [INFO] Rule:225 - rule 117617 - U5Cobra4M][GTZC] default value MPCBB3 and MPCBB5 - Privileged memory - MPCBB3 is applicable
2023-04-01 09:35:38,934 [INFO] Rule:225 - rule 117617 - U5Cobra4M][GTZC] default value MPCBB3 and MPCBB5 - Privileged memory - MPCBB4 is applicable
2023-04-01 09:35:38,934 [INFO] Rule:225 - rule Rename SubGHz_Phy SUBGHZ_APPLICATION SUBGHZ_PINGPONG to SUBGHZ_ADV_APPLICATION is applicable
2023-04-01 09:35:38,934 [INFO] Rule:225 - rule Rename Enabled to IBEACON is applicable
2023-04-01 09:35:38,934 [INFO] Rule:225 - rule GTZC_S instance for project manager is applicable
2023-04-01 09:35:38,934 [INFO] Rule:225 - rule GTZC_S instance for context M33S is applicable
2023-04-01 09:35:38,934 [INFO] Rule:225 - rule GTZC_S instance value for IP GTZC is applicable
2023-04-01 09:35:38,934 [INFO] Rule:225 - rule GTZC_S instance for mcu.IP is applicable
2023-04-01 09:35:38,934 [INFO] Rule:225 - rule GTZC_S instance for VP is applicable
2023-04-01 09:35:38,934 [INFO] Rule:225 - rule GTZC_S instance for signal is applicable
2023-04-01 09:35:38,935 [INFO] Rule:225 - rule GTZC_S instance for mcu.Pin is applicable
2023-04-01 09:35:38,935 [INFO] Rule:225 - rule GTZC_S instance for VP is applicable
2023-04-01 09:35:38,935 [INFO] Rule:225 - rule GTZC_S instance for signal is applicable
2023-04-01 09:35:38,935 [INFO] Rule:225 - rule GTZC_S instance for mcu is applicable
2023-04-01 09:35:38,935 [INFO] Rule:225 - rule GTZC_S instance for mcu.Pin is applicable
2023-04-01 09:35:38,935 [INFO] Rule:225 - rule GTZC_S instance value for IP GTZC is applicable
2023-04-01 09:35:38,935 [INFO] Rule:225 - rule GTZC_S instance for project manager is applicable
2023-04-01 09:35:38,935 [INFO] Rule:225 - rule GTZC_S instance for context M33S is applicable
2023-04-01 09:35:38,935 [INFO] Rule:225 - rule GTZC_S instance for VP is applicable
2023-04-01 09:35:38,935 [INFO] Rule:225 - rule GTZC_S instance for signal is applicable
2023-04-01 09:35:38,935 [INFO] Rule:225 - rule SPDIFRX instance for mcu is applicable
2023-04-01 09:35:38,935 [INFO] Rule:225 - rule Rename Tracer Mode is applicable
2023-04-01 09:35:38,935 [INFO] Rule:225 - rule SPDIFRX instance value for IP SPDIFRX is applicable
2023-04-01 09:35:38,935 [INFO] Rule:225 - rule SPDIFRX instance for signal is applicable
2023-04-01 09:35:38,935 [INFO] Rule:225 - rule SPDIFRX instance for project manager is applicable
2023-04-01 09:35:38,935 [INFO] Rule:225 - rule SPDIFRX instance for project manager is applicable
2023-04-01 09:35:38,936 [INFO] Rule:225 - rule ADC Scan  fix with FW F7 is applicable
2023-04-01 09:35:38,936 [INFO] Rule:225 - rule ADC Scan  fix with FW F7 is applicable
2023-04-01 09:35:38,936 [INFO] Rule:225 - rule Add RTC Activate Clock Source is applicable
2023-04-01 09:35:38,936 [INFO] Rule:225 - rule Add RTC Activate Calendar 1 is applicable
2023-04-01 09:35:38,936 [INFO] Rule:225 - rule Add RTC Activate Calendar 2 is applicable
2023-04-01 09:35:38,936 [INFO] Rule:225 - rule Add RTC Activate Calendar 3 is applicable
2023-04-01 09:35:38,936 [INFO] Rule:225 - rule UART/USART TX Mode is applicable
2023-04-01 09:35:38,936 [INFO] Rule:225 - rule UART/USART RX Mode is applicable
2023-04-01 09:35:38,936 [INFO] Rule:225 - rule UART/USART RX TX Mode is applicable
2023-04-01 09:35:38,936 [INFO] Rule:225 - rule UART/USART PARITY NONE is applicable
2023-04-01 09:35:38,936 [INFO] Rule:225 - rule UART/USART PARITY EVEN is applicable
2023-04-01 09:35:38,936 [INFO] Rule:225 - rule UART/USART PARITY ODD is applicable
2023-04-01 09:35:38,937 [INFO] Rule:225 - rule USART StopBits 1 is applicable
2023-04-01 09:35:38,937 [INFO] Rule:225 - rule USART StopBits 2 is applicable
2023-04-01 09:35:38,937 [INFO] Rule:225 - rule USART StopBits 1.5 is applicable
2023-04-01 09:35:38,937 [INFO] Rule:225 - rule USART StopBits 0.5 is applicable
2023-04-01 09:35:38,937 [INFO] Rule:225 - rule UART/USART WORD LENGTH 7 is applicable
2023-04-01 09:35:38,937 [INFO] Rule:225 - rule UART/USART WORD LENGTH 8 is applicable
2023-04-01 09:35:38,937 [INFO] Rule:225 - rule UART/USART WORD LENGTH 9 is applicable
2023-04-01 09:35:38,938 [INFO] Rule:225 - rule Rename FMC NAND NCE signal is applicable
2023-04-01 09:35:38,938 [INFO] Rule:225 - rule Rename FMC NAND INT signal is applicable
2023-04-01 09:35:38,938 [INFO] Rule:225 - rule Change Default Value for LSE Drive Capability for WB family is applicable
2023-04-01 09:35:38,938 [INFO] Rule:225 - rule Change Default Value for ADC Clock Prescaler G0 family is applicable
2023-04-01 09:35:38,938 [INFO] Rule:225 - rule Change Default Value for ADC ExternalTrigConv L4 family is applicable
2023-04-01 09:35:38,938 [INFO] Rule:225 - rule Change Default Value for ADC ExternalTrigInjecConv L4 family is applicable
2023-04-01 09:35:38,938 [INFO] Rule:225 - rule Change Default Value for ADC ExternalTrigConv F3 family is applicable
2023-04-01 09:35:38,938 [INFO] Rule:225 - rule Change Default Value for ADC ExternalTrigInjecConv F3 family is applicable
2023-04-01 09:35:38,938 [INFO] Rule:225 - rule Change Default Value for ADC ExternalTrigConv Goldfish serie is applicable
2023-04-01 09:35:38,938 [INFO] Rule:225 - rule Change Default Value for ADC ExternalTrigInjecConv Goldfish serie is applicable
2023-04-01 09:35:38,938 [INFO] Rule:225 - rule Change Default Value for ADC ExternalTrigConv L0 family is applicable
2023-04-01 09:35:38,938 [INFO] Rule:225 - rule Change Default Value for ADC ExternalTrigConv F0 family is applicable
2023-04-01 09:35:38,938 [INFO] Rule:225 - rule Change Default Value for ADC ExternalTrigConvn L1 family is applicable
2023-04-01 09:35:38,938 [INFO] Rule:225 - rule Change Default Value for ADC ExternalTrigInjecConv L1 family is applicable
2023-04-01 09:35:38,939 [INFO] Rule:225 - rule Change Default Value for ADC ExternalTrigConv F1 family is applicable
2023-04-01 09:35:38,939 [INFO] Rule:225 - rule Change Default Value for ADC ExternalTrigInjecConv F1 family is applicable
2023-04-01 09:35:38,939 [INFO] Rule:225 - rule Change Default Value for ADC ExternalTrigConv F7 family is applicable
2023-04-01 09:35:38,939 [INFO] Rule:225 - rule Change Default Value for ADC ExternalTrigInjecConv F7 family is applicable
2023-04-01 09:35:38,939 [INFO] Rule:225 - rule Change Default Value for ADC ExternalTrigConv F4 and F2 family is applicable
2023-04-01 09:35:38,939 [INFO] Rule:225 - rule Change Default Value for ADC ExternalTrigInjecConv F4 and F2 family is applicable
2023-04-01 09:35:38,939 [INFO] Rule:225 - rule ADC SamplingTime fix with FW L0  is applicable
2023-04-01 09:35:38,939 [INFO] Rule:225 - rule ADC SamplingTime fix with FW L0  is applicable
2023-04-01 09:35:38,939 [INFO] Rule:225 - rule ADC SamplingTime fix with FW L0 is applicable
2023-04-01 09:35:38,939 [INFO] Rule:225 - rule ADC SamplingTime fix with FW L0 is applicable
2023-04-01 09:35:38,939 [INFO] Rule:225 - rule ADC SamplingTime fix with FW L0  is applicable
2023-04-01 09:35:38,940 [INFO] Rule:225 - rule ADC SamplingTime fix with FW L0 is applicable
2023-04-01 09:35:38,940 [INFO] Rule:225 - rule Rename USB_OE Signal is applicable
2023-04-01 09:35:38,940 [INFO] Rule:225 - rule Rename Activate_OE Mode is applicable
2023-04-01 09:35:38,940 [INFO] Rule:225 - rule Rename DIE462/DIE415 pin PC14/OSC32_IN -> PC14-OSC32_IN (PC14) is applicable
2023-04-01 09:35:38,940 [INFO] Rule:225 - rule Rename DIE462/DIE415 pin PC15/OSC32_OUT -> PC15-OSC32_OUT (PC15) is applicable
2023-04-01 09:35:38,940 [INFO] Rule:225 - rule Rename DIE462/DIE415 pin PH0/OSC_IN -> PH0-OSC_IN (PH0) is applicable
2023-04-01 09:35:38,940 [INFO] Rule:225 - rule Rename DIE462/DIE415 pin PH1/OSC_OUT -> PH1-OSC_OUT (PH1) is applicable
2023-04-01 09:35:38,940 [INFO] Rule:225 - rule Rename DIE462 pin PA13 -> PA13 (JTMS/SWDIO) is applicable
2023-04-01 09:35:38,940 [INFO] Rule:225 - rule Rename DIE415 pin PA13 -> PA13 (JTMS/SWDIO) is applicable
2023-04-01 09:35:38,940 [INFO] Rule:225 - rule Rename DIE462 pin PA14 -> PA14 (JTCK/SWCLK) is applicable
2023-04-01 09:35:38,940 [INFO] Rule:225 - rule Rename DIE415 pin PA14 -> PA14 (JTCK/SWCLK) is applicable
2023-04-01 09:35:38,940 [INFO] Rule:225 - rule Rename DIE462/DIE415 pin PA15 -> PA15 (JTDI) is applicable
2023-04-01 09:35:38,940 [INFO] Rule:225 - rule Rename DIE462 pin PB3 -> PB3 (JTD0/TRACESWO) is applicable
2023-04-01 09:35:38,940 [INFO] Rule:225 - rule Rename DIE415 pin PB3 -> PB3 (JTD0-TRACESWO) is applicable
2023-04-01 09:35:38,940 [INFO] Rule:225 - rule Rename DIE462/DIE415 pin PB4 -> PB4 (NJTRST) is applicable
2023-04-01 09:35:38,940 [INFO] Rule:225 - rule Rename DIE462 pin PH3/BOOT0 -> PH3-BOOT0 (BOOT0) is applicable
2023-04-01 09:35:38,941 [INFO] Rule:225 - rule Rename CRYP DataEncryptionTypesList to Algorithm is applicable
2023-04-01 09:35:38,941 [INFO] Rule:225 - rule Rename AES DataEncryptionTypesList to Algorithm is applicable
2023-04-01 09:35:38,941 [INFO] Rule:225 - rule Rename TDESECB to CRYP_TDES_ECB is applicable
2023-04-01 09:35:38,941 [INFO] Rule:225 - rule Rename TDESCBC to CRYP_TDES_CBC is applicable
2023-04-01 09:35:38,941 [INFO] Rule:225 - rule Rename DESECB to CRYP_DES_ECB is applicable
2023-04-01 09:35:38,941 [INFO] Rule:225 - rule Rename DESCBC to CRYP_DES_CBC is applicable
2023-04-01 09:35:38,941 [INFO] Rule:225 - rule Rename AESECB to CRYP_AES_ECB is applicable
2023-04-01 09:35:38,941 [INFO] Rule:225 - rule Rename AESCBC to CRYP_AES_CBC is applicable
2023-04-01 09:35:38,941 [INFO] Rule:225 - rule Rename AESCTR to CRYP_AES_CTR is applicable
2023-04-01 09:35:38,941 [INFO] Rule:225 - rule Rename AESGCM to CRYP_AES_GCM is applicable
2023-04-01 09:35:38,941 [INFO] Rule:225 - rule Rename AESCCM to CRYP_AES_CCM is applicable
2023-04-01 09:35:38,941 [INFO] Rule:225 - rule Rename CAN TimeSeg1 to BS1 is applicable
2023-04-01 09:35:38,941 [INFO] Rule:225 - rule Rename CAN TimeSeg2 to BS2 is applicable
2023-04-01 09:35:38,941 [INFO] Rule:225 - rule Rename CAN SyncJumpWidth to SJW is applicable
2023-04-01 09:35:38,942 [INFO] Rule:225 - rule TimeTriggeredMode to TTCM is applicable
2023-04-01 09:35:38,942 [INFO] Rule:225 - rule Rename CAN AutoBusOff to ABOM is applicable
2023-04-01 09:35:38,942 [INFO] Rule:225 - rule Rename CAN AutoWakeUp to AWUM is applicable
2023-04-01 09:35:38,942 [INFO] Rule:225 - rule Rename CAN AutoRetransmission to NART is applicable
2023-04-01 09:35:38,942 [INFO] Rule:225 - rule Rename CAN ReceiveFifoLocked to RFLM is applicable
2023-04-01 09:35:38,942 [INFO] Rule:225 - rule Rename CAN TransmitFifoPriority to TXFP is applicable
2023-04-01 09:35:38,942 [INFO] Rule:225 - rule Rename HRTIMER HRTIM_OUTPUTFAULTLEVEL_HIGH in HRTIMER HRTIM_OUTPUTFAULTLEVEL_HIGHZ is applicable
2023-04-01 09:35:38,942 [INFO] Rule:225 - rule Rename TIMER TIM_CLEARINPUTSOURCE_OCREFCLR in  TIMER TIM_CLEARINPUTSOURCE_NONE for F7 family is applicable
2023-04-01 09:35:38,942 [INFO] Rule:225 - rule FDCAN_R1 - Rename FDCAN mode Master into Classic is applicable
2023-04-01 09:35:38,942 [INFO] Rule:225 - rule FDCAN_R2 - Rename FDCAN mode Slave into Classic is applicable
2023-04-01 09:35:38,942 [INFO] Rule:225 - rule FDCAN1_R3 - if PA10.Mode=FullDuplex, add Pin PA12 is applicable
2023-04-01 09:35:38,944 [INFO] Rule:225 - rule FDCAN1_R3 - if PA9.Mode=FullDuplex, add Pin PA11 is applicable
2023-04-01 09:35:38,944 [INFO] Rule:225 - rule FDCAN1_R3 - Alternatepin_1 - if PE1.Mode=FullDuplex, add Pin PB9 is applicable
2023-04-01 09:35:38,944 [INFO] Rule:225 - rule FDCAN1_R3 - Alternatepin_1 - if PE0.Mode=FullDuplex, add Pin PB8 is applicable
2023-04-01 09:35:38,944 [INFO] Rule:225 - rule FDCAN1_R3 - Alternatepin_2 - if PD5.Mode=FullDuplex, add Pin PD1 is applicable
2023-04-01 09:35:38,944 [INFO] Rule:225 - rule FDCAN1_R3 - Alternatepin_2 - if PD4.Mode=FullDuplex, add Pin PD0 is applicable
2023-04-01 09:35:38,944 [INFO] Rule:225 - rule FDCAN1_R4 - Rename Mode FullDuplex into Enable FDCAN_TXFD for pin PA10 is applicable
2023-04-01 09:35:38,944 [INFO] Rule:225 - rule FDCAN1_R4 - Rename Mode FullDuplex into Enable FDCAN_TXFD for pin PA9 is applicable
2023-04-01 09:35:38,944 [INFO] Rule:225 - rule FDCAN1_R4 - Alternatepin_1 - Rename Mode FullDuplex into Enable FDCAN_TXFD for pin PE1 is applicable
2023-04-01 09:35:38,945 [INFO] Rule:225 - rule FDCAN1_R4 - Alternatepin_1 - Rename Mode FullDuplex into Enable FDCAN_TXFD for pin PE0 is applicable
2023-04-01 09:35:38,945 [INFO] Rule:225 - rule FDCAN1_R4 - Alternatepin_2 - Rename Mode FullDuplex into Enable FDCAN_TXFD for pin PD5 is applicable
2023-04-01 09:35:38,945 [INFO] Rule:225 - rule FDCAN1_R4 - Alternatepin_2 - Rename Mode FullDuplex into Enable FDCAN_TXFD for pin PD4 is applicable
2023-04-01 09:35:38,945 [INFO] Rule:225 - rule FDCAN2_R3 - if PD10.Mode=FullDuplex, add Pin PB13 is applicable
2023-04-01 09:35:38,945 [INFO] Rule:225 - rule FDCAN2_R3 - if PD9.Mode=FullDuplex, add Pin PB12 is applicable
2023-04-01 09:35:38,945 [INFO] Rule:225 - rule FDCAN2_R3 - Alternatepin_1 - if PB7.Mode=FullDuplex, add Pin PB6 is applicable
2023-04-01 09:35:38,945 [INFO] Rule:225 - rule FDCAN2_R3 - Alternatepin_1 - if PD9.Mode=FullDuplex, add Pin PB12 is applicable
2023-04-01 09:35:38,945 [INFO] Rule:225 - rule FDCAN2_R4 - Rename Mode FullDuplex into Enable FDCAN_TXFD for pin PD10 is applicable
2023-04-01 09:35:38,945 [INFO] Rule:225 - rule FDCAN2_R4 - Rename Mode FullDuplex into Enable FDCAN_TXFD for pin PD9 is applicable
2023-04-01 09:35:38,945 [INFO] Rule:225 - rule FDCAN2_R4 - Alternatepin_1 - Rename Mode FullDuplex into Enable FDCAN_TXFD for pin PB7 is applicable
2023-04-01 09:35:38,945 [INFO] Rule:225 - rule FDCAN2_R4 - Alternatepin_1 - Rename Mode FullDuplex into Enable FDCAN_TXFD for pin PD6 is applicable
2023-04-01 09:35:38,945 [INFO] Rule:225 - rule USART TxPinLevelInvertParam Mode is applicable
2023-04-01 09:35:38,945 [INFO] Rule:225 - rule USART RxPinLevelInvertParam Mode is applicable
2023-04-01 09:35:38,945 [INFO] Rule:225 - rule USART DataInvertParam Mode is applicable
2023-04-01 09:35:38,945 [INFO] Rule:225 - rule USART SwapParam Mode is applicable
2023-04-01 09:35:38,945 [INFO] Rule:225 - rule USART OverrunDisableParam Mode is applicable
2023-04-01 09:35:38,946 [INFO] Rule:225 - rule USART DMADisableonRxErrorParam Mode is applicable
2023-04-01 09:35:38,946 [INFO] Rule:225 - rule USART MSBFirstParam Mode is applicable
2023-04-01 09:35:38,946 [INFO] Rule:225 - rule Update MwName for USB_DEVICE is applicable
2023-04-01 09:35:38,946 [INFO] Rule:225 - rule Change PWR_Regulator_Voltage_Scale Default Value for RCC  H7 family is applicable
2023-04-01 09:35:38,946 [INFO] Rule:225 - rule UART/USART IPParameter rename Prescaler parameter to ClockPrescaler is applicable
2023-04-01 09:35:38,946 [INFO] Rule:225 - rule UART/USART Prescaler rename Prescaler parameter to ClockPrescaler is applicable
2023-04-01 09:35:38,946 [INFO] Rule:225 - rule TIM1CLockSelection is applicable
2023-04-01 09:35:38,946 [INFO] Rule:225 - rule TIM15CLockSelection is applicable
2023-04-01 09:35:38,946 [INFO] Rule:225 - rule align RCC SDMMC3CLockSelection default value on MP1 is applicable
2023-04-01 09:35:38,946 [INFO] Rule:225 - rule align RCC SDMMC12CLockSelection default value on MP1 is applicable
2023-04-01 09:35:38,946 [INFO] Rule:225 - rule align RCC QSPICLockSelection default value on MP1 is applicable
2023-04-01 09:35:38,946 [INFO] Rule:225 - rule align RCC QSPICLockSelection default value on MP1 is applicable
2023-04-01 09:35:38,946 [INFO] Rule:225 - rule align RCC SPI6CLockSelection default value on MP1 is applicable
2023-04-01 09:35:38,946 [INFO] Rule:225 - rule align RCC LPTIM23CLockSelection default value on MP1 is applicable
2023-04-01 09:35:38,946 [INFO] Rule:225 - rule align RCC LPTIM1CLockSelection default value on MP1 is applicable
2023-04-01 09:35:38,946 [INFO] Rule:225 - rule align RCC USART1CLockSelection default value on MP1 is applicable
2023-04-01 09:35:38,946 [INFO] Rule:225 - rule align RCC USART24CLockSelection default value on MP1 is applicable
2023-04-01 09:35:38,946 [INFO] Rule:225 - rule align RCC USART6CLockSelection default value on MP1 is applicable
2023-04-01 09:35:38,947 [INFO] Rule:225 - rule align RCC UART78CLockSelection default value on MP1 is applicable
2023-04-01 09:35:38,947 [INFO] Rule:225 - rule align RCC USART35CLockSelection default value on MP1 is applicable
2023-04-01 09:35:38,947 [INFO] Rule:225 - rule align RCC SPI45CLockSelection default value on MP1 is applicable
2023-04-01 09:35:38,947 [INFO] Rule:225 - rule align RCC I2C46CLockSelection BCLK value on MP1 is applicable
2023-04-01 09:35:38,947 [INFO] Rule:225 - rule align RCC SPI45CLockSelection default value on MP1 is applicable
2023-04-01 09:35:38,947 [INFO] Rule:225 - rule align RCC I2C12CLockSelection default value on MP1 is applicable
2023-04-01 09:35:38,947 [INFO] Rule:225 - rule align RCC I2C35CLockSelection default value on MP1 is applicable
2023-04-01 09:35:38,947 [INFO] Rule:225 - rule align RCC LPTIM45CLockSelection default value on MP1 is applicable
2023-04-01 09:35:38,947 [INFO] Rule:225 - rule Rename DCMI PIXCK signal is applicable
2023-04-01 09:35:38,947 [INFO] Rule:225 - rule Change Default Value for I2C46CLockSelection MP1 family is applicable
2023-04-01 09:35:38,947 [INFO] Rule:225 - rule Change Default Value for UART for G4, G0 and WB families is applicable
2023-04-01 09:35:38,947 [INFO] Rule:225 - rule Change Default Value for USART for G4, G0 and WB families is applicable
2023-04-01 09:35:38,947 [INFO] Rule:225 - rule Change Default Value for USART for G4 family is applicable
2023-04-01 09:35:38,947 [INFO] Rule:225 - rule Change USART1CLockSelection refparam name for MP1 is applicable
2023-04-01 09:35:38,947 [INFO] Rule:225 - rule Change USART2CLockSelection refparam name for MP1 is applicable
2023-04-01 09:35:38,948 [INFO] Rule:225 - rule Change USART3CLockSelection refparam name for MP1 is applicable
2023-04-01 09:35:38,948 [INFO] Rule:225 - rule Change UART4CLockSelection refparam name for MP1 is applicable
2023-04-01 09:35:38,948 [INFO] Rule:225 - rule Change UART5CLockSelection refparam name for MP1 is applicable
2023-04-01 09:35:38,948 [INFO] Rule:225 - rule Change LPUART1CLockSelection refparam name for MP1 is applicable
2023-04-01 09:35:38,948 [INFO] Rule:225 - rule Change LPTIM1CLockSelection refparam name for MP1 is applicable
2023-04-01 09:35:38,948 [INFO] Rule:225 - rule Change LPTIM2CLockSelection refparam name for MP1 is applicable
2023-04-01 09:35:38,948 [INFO] Rule:225 - rule Change RCC_MCO1Source refparam name for MP1 is applicable
2023-04-01 09:35:38,948 [INFO] Rule:225 - rule Change LSCOSource1 refparam name for MP1 is applicable
2023-04-01 09:35:38,948 [INFO] Rule:225 - rule Change SMPSCLockSelection refparam name for MP1 is applicable
2023-04-01 09:35:38,948 [INFO] Rule:225 - rule Change LPTIM3CLockSelection refparam name for MP1 is applicable
2023-04-01 09:35:38,948 [INFO] Rule:225 - rule Change MPCBB* Default Template Mode to Parameters is applicable
2023-04-01 09:35:38,948 [INFO] Rule:225 - rule Change MPCWM* or MPCBB* Secure Mode to Parameters is applicable
2023-04-01 09:35:38,948 [INFO] Rule:225 - rule Change MPCWM* or MPCBB* No Secure Mode to Parameters is applicable
2023-04-01 09:35:38,948 [INFO] Rule:225 - rule Change TZSC IP Secure Mode to Parameters is applicable
2023-04-01 09:35:38,948 [INFO] Rule:225 - rule Change TZSC IP No Secure Mode to Parameters is applicable
2023-04-01 09:35:38,948 [INFO] Rule:225 - rule Change TZSC IP Privilege Mode to Parameters is applicable
2023-04-01 09:35:38,948 [INFO] Rule:225 - rule Change TZSC IP No Privilege Mode to Parameters is applicable
2023-04-01 09:35:38,948 [INFO] Rule:225 - rule Change TZIC IT Secure Mode to Parameters is applicable
2023-04-01 09:35:38,949 [INFO] Rule:225 - rule Change TZIC IT No Secure Mode to Parameters is applicable
2023-04-01 09:35:38,950 [INFO] Rule:225 - rule Add MPCBB1_NonSecureArea_Start_Address value with referenced to MPCBB1_NonSecureArea_Start value is applicable
2023-04-01 09:35:38,950 [INFO] Rule:225 - rule Add MPCBB2_NonSecureArea_Start_Address value with referenced to MPCBB2_NonSecureArea_Start value is applicable
2023-04-01 09:35:38,950 [INFO] Rule:225 - rule Add MPCWM1_NonSecureArea*_Start_Address value with referenced to MPCWM1_NonSecureArea*_Start value is applicable
2023-04-01 09:35:38,950 [INFO] Rule:225 - rule Add MPCWM2_NonSecureArea*_Start_Address value with referenced to MPCWM2_NonSecureArea*_Start value is applicable
2023-04-01 09:35:38,950 [INFO] Rule:225 - rule Add MPCWM3_NonSecureArea_Start_Address value with referenced to MPCWM3_NonSecureArea_Start value is applicable
2023-04-01 09:35:38,950 [INFO] Rule:225 - rule Change Default Value for PLL1UserDefinedConfig is applicable
2023-04-01 09:35:38,950 [INFO] Rule:225 - rule Change GPIO_PuPd Default Value for USART in async mode is applicable
2023-04-01 09:35:38,950 [INFO] Rule:225 - rule Change SMPSDivider Default Value is applicable
2023-04-01 09:35:38,950 [INFO] Rule:225 - rule OPAMP is applicable
2023-04-01 09:35:38,950 [INFO] Rule:225 - rule LPUART IPParameter rename Prescaler parameter to ClockPrescaler for STM32H7 is applicable
2023-04-01 09:35:38,950 [INFO] Rule:225 - rule LPUART IPParameter rename Prescaler parameter to ClockPrescaler for STM32H7 is applicable
2023-04-01 09:35:38,950 [INFO] Rule:225 - rule LPUART IPParameter rename Prescaler parameter to ClockPrescaler for STM32WB is applicable
2023-04-01 09:35:38,950 [INFO] Rule:225 - rule LPUART IPParameter rename Prescaler parameter to ClockPrescaler for STM32WB is applicable
2023-04-01 09:35:38,950 [INFO] Rule:225 - rule LPUART IPParameter rename Prescaler parameter to ClockPrescaler for STM32G4 is applicable
2023-04-01 09:35:38,950 [INFO] Rule:225 - rule LPUART IPParameter rename Prescaler parameter to ClockPrescaler for STM32G4 is applicable
2023-04-01 09:35:38,950 [INFO] Rule:225 - rule LPUART IPParameter rename Prescaler parameter to ClockPrescaler for STM32L5 is applicable
2023-04-01 09:35:38,951 [INFO] Rule:225 - rule LPUART IPParameter rename Prescaler parameter to ClockPrescaler for STM32L5 is applicable
2023-04-01 09:35:38,951 [INFO] Rule:225 - rule LPUART IPParameter rename Prescaler parameter to ClockPrescaler for STM32G4 is applicable
2023-04-01 09:35:38,951 [INFO] Rule:225 - rule LPUART IPParameter rename Prescaler parameter to ClockPrescaler for STM32G4 is applicable
2023-04-01 09:35:38,951 [INFO] Rule:225 - rule USB device lib V2.5.3 for L0 rename USBD_SUPPORT_USER_STRING parameter to USBD_SUPPORT_USER_STRING_DESC4 is applicable
2023-04-01 09:35:38,951 [INFO] Rule:225 - rule I2SCLockSelection clock entry align is applicable
2023-04-01 09:35:38,951 [INFO] Rule:225 - rule Assign TIMx context if used as SYS timebase is applicable
2023-04-01 09:35:38,951 [INFO] Rule:225 - rule Change GPIO_Pu Default Value for I2C is applicable
2023-04-01 09:35:38,951 [INFO] Rule:225 - rule Change GPIO_Pu Default Value for SMBus is applicable
2023-04-01 09:35:38,951 [INFO] Rule:225 - rule change FDCAN default value is applicable
2023-04-01 09:35:38,951 [INFO] Rule:225 - rule Change mode sai is applicable
2023-04-01 09:35:38,951 [INFO] Rule:225 - rule **Change sai mode is applicable
2023-04-01 09:35:38,975 [INFO] DbConfProperties:305 - Apply Compatibility (49/248 Rules)
2023-04-01 09:35:39,045 [INFO] ImportTextPane:193 - (OptionalMessage_ERROR) Unable to find key (Mcu.ThirdPartyNb) in loaded IOC file
2023-04-01 09:35:39,593 [INFO] RtosManager:489 - Registered RTOS mode: class=CMSIS, group=RTOS, mode=CMSIS_V1, owner=FREERTOS
2023-04-01 09:35:39,593 [INFO] RtosManager:489 - Registered RTOS mode: class=CMSIS, group=RTOS2, mode=CMSIS_V2, owner=FREERTOS
2023-04-01 09:35:39,593 [INFO] RtosManager:489 - Registered RTOS mode: class=RTOS, group=Core, mode=CMSIS_V1, owner=FREERTOS
2023-04-01 09:35:39,593 [INFO] RtosManager:489 - Registered RTOS mode: class=RTOS, group=Core, mode=CMSIS_V2, owner=FREERTOS
2023-04-01 09:35:39,594 [WARN] ModelIntegratedComponent:185 - Missing modes for component STMicroelectronics:FreeRTOS:0.0.1:STMicroelectronics:RTOS:FreeRTOS:Core:::10.2.0:
2023-04-01 09:35:39,639 [WARN] ModelIntegratedComponent:64 - No mode defined for component null
2023-04-01 09:35:39,639 [WARN] ModelIntegratedComponent:64 - No mode defined for component null
2023-04-01 09:35:39,639 [WARN] ModelIntegratedComponent:64 - No mode defined for component null
2023-04-01 09:35:39,639 [WARN] ModelIntegratedComponent:64 - No mode defined for component null
2023-04-01 09:35:39,640 [WARN] ModelIntegratedComponent:64 - No mode defined for component null
2023-04-01 09:35:39,640 [WARN] ModelIntegratedComponent:64 - No mode defined for component null
2023-04-01 09:35:39,640 [WARN] ModelIntegratedComponent:64 - No mode defined for component null
2023-04-01 09:35:39,640 [WARN] ModelIntegratedComponent:64 - No mode defined for component null
2023-04-01 09:35:39,640 [WARN] ModelIntegratedComponent:64 - No mode defined for component null
2023-04-01 09:35:39,640 [WARN] ModelIntegratedComponent:64 - No mode defined for component null
2023-04-01 09:35:39,640 [WARN] ModelIntegratedComponent:64 - No mode defined for component null
2023-04-01 09:35:39,640 [WARN] ModelIntegratedComponent:64 - No mode defined for component null
2023-04-01 09:35:39,640 [WARN] ModelIntegratedComponent:64 - No mode defined for component null
2023-04-01 09:35:39,640 [WARN] ModelIntegratedComponent:64 - No mode defined for component null
2023-04-01 09:35:39,640 [WARN] ModelIntegratedComponent:64 - No mode defined for component null
2023-04-01 09:35:39,640 [WARN] ModelIntegratedComponent:64 - No mode defined for component null
2023-04-01 09:35:39,640 [WARN] ModelIntegratedComponent:64 - No mode defined for component null
2023-04-01 09:35:39,640 [WARN] ModelIntegratedComponent:64 - No mode defined for component null
2023-04-01 09:35:39,641 [WARN] ModelIntegratedComponent:64 - No mode defined for component null
2023-04-01 09:35:39,641 [WARN] ModelIntegratedComponent:64 - No mode defined for component null
2023-04-01 09:35:39,641 [WARN] ModelIntegratedComponent:64 - No mode defined for component null
2023-04-01 09:35:39,641 [WARN] ModelIntegratedComponent:64 - No mode defined for component null
2023-04-01 09:35:39,641 [WARN] ModelIntegratedComponent:64 - No mode defined for component null
2023-04-01 09:35:39,641 [WARN] ModelIntegratedComponent:64 - No mode defined for component null
2023-04-01 09:35:39,641 [WARN] ModelIntegratedComponent:64 - No mode defined for component null
2023-04-01 09:35:39,641 [WARN] ModelIntegratedComponent:64 - No mode defined for component null
2023-04-01 09:35:39,641 [WARN] ModelIntegratedComponent:64 - No mode defined for component null
2023-04-01 09:35:39,641 [WARN] ModelIntegratedComponent:64 - No mode defined for component null
2023-04-01 09:35:39,641 [WARN] ModelIntegratedComponent:64 - No mode defined for component null
2023-04-01 09:35:39,641 [WARN] ModelIntegratedComponent:64 - No mode defined for component null
2023-04-01 09:35:39,641 [WARN] ModelIntegratedComponent:64 - No mode defined for component null
2023-04-01 09:35:39,641 [WARN] ModelIntegratedComponent:64 - No mode defined for component null
2023-04-01 09:35:39,641 [WARN] ModelIntegratedComponent:64 - No mode defined for component null
2023-04-01 09:35:40,021 [INFO] ThirdPartyModel:294 - Start build external matchings
2023-04-01 09:35:41,618 [INFO] ThirdPartyModel:310 - End build external matchings
2023-04-01 09:35:41,691 [INFO] ImportTextPane:193 - (OptionalMessage_ERROR) IP (RCC) : Invalid parameter (FamilyName)
2023-04-01 09:35:41,695 [INFO] ImportTextPane:193 - (OptionalMessage_ERROR) IP (RCC) : Parameter (RNGFreq_Value) has invalid value (64000000)
2023-04-01 09:35:41,695 [INFO] ImportTextPane:193 - (OptionalMessage_ERROR) IP (RCC) : Parameter (SDMMCFreq_Value) has invalid value (64000000)
2023-04-01 09:35:41,696 [INFO] ImportTextPane:193 - (OptionalMessage_ERROR) IP (RCC) : Parameter (USBFreq_Value) has invalid value (64000000)
2023-04-01 09:35:42,634 [INFO] UtilMem:74 - End LoadConfig() Used Memory: 760642408 Bytes (890241024)
2023-04-01 09:35:42,802 [WARN] ThirdParty:807 - waiting for thirdparty lock release [change project]
2023-04-01 09:35:42,803 [INFO] ThirdParty:809 - entering critical section [change project]
2023-04-01 09:35:42,803 [INFO] ThirdParty:999 - CMSIS Pack Vendor :STMicroelectronics X-CUBE-ISPU 1.1.0
2023-04-01 09:35:42,803 [INFO] ThirdParty:999 - CMSIS Pack Vendor :RoweBots I-CUBE-UNISONRTOS 5.5.0-4
2023-04-01 09:35:42,803 [INFO] ThirdParty:999 - CMSIS Pack Vendor :STMicroelectronics X-CUBE-GNSS1 6.0.0
2023-04-01 09:35:42,803 [INFO] ThirdParty:999 - CMSIS Pack Vendor :STMicroelectronics X-CUBE-AZRTOS-H7 2.1.0
2023-04-01 09:35:42,803 [INFO] ThirdParty:999 - CMSIS Pack Vendor :STMicroelectronics USB_HOST 2.0.0
2023-04-01 09:35:42,803 [INFO] ThirdParty:999 - CMSIS Pack Vendor :STMicroelectronics X-CUBE-AZRTOS-F4 1.1.0
2023-04-01 09:35:42,804 [INFO] ThirdParty:999 - CMSIS Pack Vendor :STMicroelectronics LIBJPEG 8.0.0
2023-04-01 09:35:42,804 [INFO] ThirdParty:999 - CMSIS Pack Vendor :wolfSSL I-CUBE-wolfSSL 5.4.0
2023-04-01 09:35:42,804 [INFO] ThirdParty:999 - CMSIS Pack Vendor :STMicroelectronics USB_DEVICE 3.0.0
2023-04-01 09:35:42,804 [INFO] ThirdParty:999 - CMSIS Pack Vendor :STMicroelectronics X-CUBE-AI 8.0.0
2023-04-01 09:35:42,804 [INFO] ThirdParty:999 - CMSIS Pack Vendor :STMicroelectronics X-CUBE-FREERTOS 1.0.0
2023-04-01 09:35:42,804 [INFO] ThirdParty:999 - CMSIS Pack Vendor :STMicroelectronics X-CUBE-TOUCHGFX 4.21.1
2023-04-01 09:35:42,804 [INFO] ThirdParty:999 - CMSIS Pack Vendor :STMicroelectronics X-CUBE-TOUCHGFX 4.21.3
2023-04-01 09:35:42,804 [INFO] ThirdParty:999 - CMSIS Pack Vendor :STMicroelectronics X-CUBE-BLEMGR 1.0.0
2023-04-01 09:35:42,804 [INFO] ThirdParty:999 - CMSIS Pack Vendor :STMicroelectronics X-CUBE-BLEMGR 1.2.0
2023-04-01 09:35:42,804 [INFO] ThirdParty:999 - CMSIS Pack Vendor :STMicroelectronics X-CUBE-AZRTOS-F7 1.1.0
2023-04-01 09:35:42,804 [INFO] ThirdParty:999 - CMSIS Pack Vendor :STMicroelectronics X-CUBE-MEMS1 9.4.0
2023-04-01 09:35:42,804 [INFO] ThirdParty:999 - CMSIS Pack Vendor :STMicroelectronics USB_DEVICE 2.0.0
2023-04-01 09:35:42,804 [INFO] ThirdParty:999 - CMSIS Pack Vendor :STMicroelectronics X-CUBE-AI 7.3.0
2023-04-01 09:35:42,804 [INFO] ThirdParty:999 - CMSIS Pack Vendor :STMicroelectronics X-CUBE-BLE1 6.2.3
2023-04-01 09:35:42,804 [INFO] ThirdParty:999 - CMSIS Pack Vendor :STMicroelectronics X-CUBE-ALGOBUILD 1.3.0
2023-04-01 09:35:42,804 [INFO] ThirdParty:999 - CMSIS Pack Vendor :STMicroelectronics X-CUBE-BLE1 6.2.4
2023-04-01 09:35:42,804 [INFO] ThirdParty:999 - CMSIS Pack Vendor :STMicroelectronics X-CUBE-AZRTOS-L5 1.1.0
2023-04-01 09:35:42,805 [INFO] ThirdParty:999 - CMSIS Pack Vendor :STMicroelectronics FreeRTOS 0.0.1
2023-04-01 09:35:42,805 [INFO] ThirdParty:999 - CMSIS Pack Vendor :STMicroelectronics X-CUBE-AZRTOS-G0 1.1.0
2023-04-01 09:35:42,805 [INFO] ThirdParty:999 - CMSIS Pack Vendor :STMicroelectronics X-CUBE-BLEMGR 2.0.0
2023-04-01 09:35:42,805 [INFO] ThirdParty:999 - CMSIS Pack Vendor :STMicroelectronics X-CUBE-SUBG2 5.0.0
2023-04-01 09:35:42,805 [INFO] ThirdParty:999 - CMSIS Pack Vendor :STMicroelectronics X-CUBE-NFC4 3.0.0
2023-04-01 09:35:42,805 [INFO] ThirdParty:999 - CMSIS Pack Vendor :SEGGER I-CUBE-embOS 1.2.0
2023-04-01 09:35:42,805 [INFO] ThirdParty:999 - CMSIS Pack Vendor :STMicroelectronics STM32_WPAN 1.0.0
2023-04-01 09:35:42,805 [INFO] ThirdParty:999 - CMSIS Pack Vendor :STMicroelectronics lwIP 2.0.3
2023-04-01 09:35:42,805 [INFO] ThirdParty:999 - CMSIS Pack Vendor :STMicroelectronics X-CUBE-NFC4 2.0.5
2023-04-01 09:35:42,805 [INFO] ThirdParty:999 - CMSIS Pack Vendor :STMicroelectronics X-CUBE-NFC4 2.0.4
2023-04-01 09:35:42,805 [INFO] ThirdParty:999 - CMSIS Pack Vendor :STMicroelectronics USB_HOST 1.0.0
2023-04-01 09:35:42,805 [INFO] ThirdParty:999 - CMSIS Pack Vendor :STMicroelectronics PDM2PCM 3.1.0
2023-04-01 09:35:42,805 [INFO] ThirdParty:999 - CMSIS Pack Vendor :STMicroelectronics X-CUBE-TOF1 3.3.0
2023-04-01 09:35:42,805 [INFO] ThirdParty:999 - CMSIS Pack Vendor :STMicroelectronics FP-ATR-ASTRA1 1.1.1
2023-04-01 09:35:42,805 [INFO] ThirdParty:999 - CMSIS Pack Vendor :STMicroelectronics PDM2PCM 3.3.0
2023-04-01 09:35:42,805 [INFO] ThirdParty:999 - CMSIS Pack Vendor :STMicroelectronics X-CUBE-TOF1 3.1.0
2023-04-01 09:35:42,805 [INFO] ThirdParty:999 - CMSIS Pack Vendor :STMicroelectronics FP-ATR-ASTRA1 1.1.0
2023-04-01 09:35:42,805 [INFO] ThirdParty:999 - CMSIS Pack Vendor :STMicroelectronics X-CUBE-DISPLAY 3.0.0
2023-04-01 09:35:42,805 [INFO] ThirdParty:999 - CMSIS Pack Vendor :STMicroelectronics X-CUBE-BLEMGR 1.3.0
2023-04-01 09:35:42,805 [INFO] ThirdParty:999 - CMSIS Pack Vendor :STMicroelectronics X-CUBE-AZRTOS-G4 1.0.0
2023-04-01 09:35:42,806 [INFO] ThirdParty:999 - CMSIS Pack Vendor :STMicroelectronics FP-ATR-SIGFOX1 3.2.0
2023-04-01 09:35:42,806 [INFO] ThirdParty:999 - CMSIS Pack Vendor :STMicroelectronics X-CUBE-AZRTOS-L4 1.0.0
2023-04-01 09:35:42,806 [INFO] ThirdParty:999 - CMSIS Pack Vendor :STMicroelectronics HAL Drivers 0.0.0
2023-04-01 09:35:42,806 [INFO] ThirdParty:999 - CMSIS Pack Vendor :STMicroelectronics MBEDTLS 2.16.2
2023-04-01 09:35:42,806 [INFO] ThirdParty:999 - CMSIS Pack Vendor :emotas I-CUBE-CANOPEN 1.1.2
2023-04-01 09:35:42,806 [INFO] ThirdParty:999 - CMSIS Pack Vendor :STMicroelectronics X-CUBE-TOUCHGFX 4.20.0
2023-04-01 09:35:42,806 [INFO] ThirdParty:999 - CMSIS Pack Vendor :STMicroelectronics MBEDTLS 2.14.1
2023-04-01 09:35:42,806 [INFO] ThirdParty:999 - CMSIS Pack Vendor :STMicroelectronics X-CUBE-NFC7 1.0.0
2023-04-01 09:35:42,806 [INFO] ThirdParty:999 - CMSIS Pack Vendor :STMicroelectronics X-CUBE-AZRTOS-WL 1.0.0
2023-04-01 09:35:42,806 [INFO] ThirdParty:999 - CMSIS Pack Vendor :STMicroelectronics X-CUBE-MEMS1 9.3.0
2023-04-01 09:35:42,806 [INFO] ThirdParty:999 - CMSIS Pack Vendor :STMicroelectronics X-CUBE-EEPRMA1 4.1.0
2023-04-01 09:35:42,806 [INFO] ThirdParty:999 - CMSIS Pack Vendor :portGmbH I-Cube-SoM-uGOAL 1.1.0
2023-04-01 09:35:42,806 [INFO] ThirdParty:999 - CMSIS Pack Vendor :STMicroelectronics X-CUBE-ALS 1.0.1
2023-04-01 09:35:42,806 [INFO] ThirdParty:999 - CMSIS Pack Vendor :STMicroelectronics X-CUBE-AI 7.2.0
2023-04-01 09:35:42,806 [INFO] ThirdParty:999 - CMSIS Pack Vendor :STMicroelectronics X-CUBE-MEMS1 9.5.0
2023-04-01 09:35:42,806 [INFO] ThirdParty:999 - CMSIS Pack Vendor :STMicroelectronics ThreadX 1.0.0
2023-04-01 09:35:42,807 [INFO] ThirdParty:999 - CMSIS Pack Vendor :STMicroelectronics X-CUBE-AZRTOS-WB 1.1.0
2023-04-01 09:35:42,807 [INFO] ThirdParty:999 - CMSIS Pack Vendor :SEGGER I-CUBE-embOS 1.3.1
2023-04-01 09:35:42,807 [INFO] ThirdParty:999 - CMSIS Pack Vendor :STMicroelectronics X-CUBE-AZRTOS-L5 1.0.0
2023-04-01 09:35:42,807 [INFO] ThirdParty:999 - CMSIS Pack Vendor :STMicroelectronics USB_DEVICE 1.0.0
2023-04-01 09:35:42,807 [INFO] ThirdParty:999 - CMSIS Pack Vendor :STMicroelectronics X-CUBE-EEPRMA1 3.1.1
2023-04-01 09:35:42,807 [INFO] ThirdParty:999 - CMSIS Pack Vendor :STMicroelectronics ThreadX 0.0.2
2023-04-01 09:35:42,807 [INFO] ThirdParty:999 - CMSIS Pack Vendor :WES I-CUBE-Cesium 1.3.0
2023-04-01 09:35:42,807 [INFO] ThirdParty:999 - CMSIS Pack Vendor :STMicroelectronics lwIP 2.1.2
2023-04-01 09:35:42,807 [INFO] ThirdParty:999 - CMSIS Pack Vendor :STMicroelectronics X-CUBE-SFXS2LP1 4.0.0
2023-04-01 09:35:42,807 [INFO] ThirdParty:999 - CMSIS Pack Vendor :STMicroelectronics X-CUBE-BLE2 3.3.0
2023-04-01 09:35:42,807 [INFO] ThirdParty:999 - CMSIS Pack Vendor :STMicroelectronics X-CUBE-DISPLAY 2.2.0
2023-04-01 09:35:42,807 [INFO] ThirdParty:999 - CMSIS Pack Vendor :STMicroelectronics X-CUBE-TOF1 3.2.0
2023-04-01 09:35:42,807 [INFO] ThirdParty:999 - CMSIS Pack Vendor :STMicroelectronics PDM2PCM 3.2.0
2023-04-01 09:35:42,807 [INFO] ThirdParty:999 - CMSIS Pack Vendor :STMicroelectronics X-CUBE-AZRTOS-H7 3.0.0
2023-04-01 09:35:42,807 [INFO] ThirdParty:999 - CMSIS Pack Vendor :STMicroelectronics X-CUBE-ISPU 1.0.0
2023-04-01 09:35:42,808 [INFO] ThirdParty:815 - exiting critical section [change project]
2023-04-01 09:35:43,759 [INFO] PinOutPanel:1477 - setPackage(No Configuration,No Configuration)
2023-04-01 09:35:43,761 [INFO] PinOutPanel:1477 - setPackage(STM32L476RGTx,LQFP64)
2023-04-01 09:35:45,410 [INFO] UtilMem:74 - Before build in PCC Used Memory: 743864320 Bytes (890241024)
2023-04-01 09:35:47,000 [INFO] UtilMem:74 - After build in PCC Used Memory: 755167616 Bytes (890241024)
2023-04-01 09:35:47,072 [INFO] IPUIPlugin:79 - create IPUIPlugin
2023-04-01 09:35:47,072 [INFO] IPUIPlugin:79 - create IPUIPlugin
2023-04-01 09:35:47,072 [INFO] IPUIPlugin:79 - create IPUIPlugin
2023-04-01 09:35:47,073 [INFO] IPUIPlugin:79 - create IPUIPlugin
2023-04-01 09:35:47,073 [INFO] IPUIPlugin:79 - create IPUIPlugin
2023-04-01 09:35:47,073 [INFO] IPUIPlugin:79 - create IPUIPlugin
2023-04-01 09:35:47,073 [INFO] IPUIPlugin:79 - create IPUIPlugin
2023-04-01 09:35:47,073 [INFO] IPUIPlugin:79 - create IPUIPlugin
2023-04-01 09:35:47,074 [INFO] IPUIPlugin:79 - create IPUIPlugin
2023-04-01 09:35:47,074 [INFO] IPUIPlugin:79 - create IPUIPlugin
2023-04-01 09:35:47,074 [INFO] IPUIPlugin:79 - create IPUIPlugin
2023-04-01 09:35:47,074 [INFO] IPUIPlugin:79 - create IPUIPlugin
2023-04-01 09:35:47,074 [INFO] IPUIPlugin:79 - create IPUIPlugin
2023-04-01 09:35:47,074 [INFO] IPUIPlugin:79 - create IPUIPlugin
2023-04-01 09:35:47,075 [INFO] IPUIPlugin:79 - create IPUIPlugin
2023-04-01 09:35:47,075 [INFO] IPUIPlugin:79 - create IPUIPlugin
2023-04-01 09:35:47,075 [INFO] IPUIPlugin:79 - create IPUIPlugin
2023-04-01 09:35:47,077 [INFO] IPUIPlugin:79 - create IPUIPlugin
2023-04-01 09:35:47,078 [INFO] IPUIPlugin:79 - create IPUIPlugin
2023-04-01 09:35:47,078 [INFO] IPUIPlugin:79 - create IPUIPlugin
2023-04-01 09:35:47,078 [INFO] IPUIPlugin:79 - create IPUIPlugin
2023-04-01 09:35:47,079 [INFO] IPUIPlugin:79 - create IPUIPlugin
2023-04-01 09:35:47,079 [INFO] IPUIPlugin:79 - create IPUIPlugin
2023-04-01 09:35:47,079 [INFO] IPUIPlugin:79 - create IPUIPlugin
2023-04-01 09:35:47,079 [INFO] IPUIPlugin:79 - create IPUIPlugin
2023-04-01 09:35:47,079 [INFO] IPUIPlugin:79 - create IPUIPlugin
2023-04-01 09:35:47,080 [INFO] IPUIPlugin:79 - create IPUIPlugin
2023-04-01 09:35:47,080 [INFO] IPUIPlugin:79 - create IPUIPlugin
2023-04-01 09:35:47,080 [INFO] IPUIPlugin:79 - create IPUIPlugin
2023-04-01 09:35:47,081 [INFO] IPUIPlugin:79 - create IPUIPlugin
2023-04-01 09:35:47,081 [INFO] IPUIPlugin:79 - create IPUIPlugin
2023-04-01 09:35:47,081 [INFO] IPUIPlugin:79 - create IPUIPlugin
2023-04-01 09:35:47,081 [INFO] IPUIPlugin:79 - create IPUIPlugin
2023-04-01 09:35:47,082 [INFO] IPUIPlugin:79 - create IPUIPlugin
2023-04-01 09:35:47,082 [INFO] IPUIPlugin:79 - create IPUIPlugin
2023-04-01 09:35:47,082 [INFO] IPUIPlugin:79 - create IPUIPlugin
2023-04-01 09:35:47,083 [INFO] IPUIPlugin:79 - create IPUIPlugin
2023-04-01 09:35:47,083 [INFO] IPUIPlugin:79 - create IPUIPlugin
2023-04-01 09:35:47,083 [INFO] IPUIPlugin:79 - create IPUIPlugin
2023-04-01 09:35:47,084 [INFO] IPUIPlugin:79 - create IPUIPlugin
2023-04-01 09:35:47,084 [INFO] IPUIPlugin:79 - create IPUIPlugin
2023-04-01 09:35:47,085 [INFO] IPUIPlugin:79 - create IPUIPlugin
2023-04-01 09:35:47,086 [INFO] IPUIPlugin:79 - create IPUIPlugin
2023-04-01 09:35:47,086 [INFO] IPUIPlugin:79 - create IPUIPlugin
2023-04-01 09:35:47,086 [INFO] IPUIPlugin:79 - create IPUIPlugin
2023-04-01 09:35:47,087 [INFO] IPUIPlugin:79 - create IPUIPlugin
2023-04-01 09:35:47,087 [INFO] IPUIPlugin:79 - create IPUIPlugin
2023-04-01 09:35:47,087 [INFO] IPUIPlugin:79 - create IPUIPlugin
2023-04-01 09:35:47,088 [INFO] IPUIPlugin:79 - create IPUIPlugin
2023-04-01 09:35:47,088 [INFO] IPUIPlugin:79 - create IPUIPlugin
2023-04-01 09:35:47,089 [INFO] IPUIPlugin:79 - create IPUIPlugin
2023-04-01 09:35:47,089 [INFO] IPUIPlugin:79 - create IPUIPlugin
2023-04-01 09:35:47,090 [INFO] IPUIPlugin:79 - create IPUIPlugin
2023-04-01 09:35:47,090 [INFO] IPUIPlugin:79 - create IPUIPlugin
2023-04-01 09:35:47,090 [INFO] IPUIPlugin:79 - create IPUIPlugin
2023-04-01 09:35:47,091 [INFO] IPUIPlugin:79 - create IPUIPlugin
2023-04-01 09:35:47,093 [INFO] IPUIPlugin:79 - create IPUIPlugin
2023-04-01 09:35:47,093 [INFO] IPUIPlugin:79 - create IPUIPlugin
2023-04-01 09:35:47,094 [INFO] IPUIPlugin:79 - create IPUIPlugin
2023-04-01 09:35:48,147 [INFO] CADModel:164 - CPN selected for project levelSTM32L476RGT3
2023-04-01 09:35:48,147 [INFO] CADModel:113 - Register for checkConnection events
2023-04-01 09:35:48,213 [INFO] OpenFileManager:327 - Restore cursor
2023-04-01 09:35:49,916 [INFO] UtilMem:74 - End SaveConfig() Used Memory: 731343360 Bytes (890241024)
2023-04-01 09:35:50,017 [INFO] UtilMem:74 - End SaveConfig() Used Memory: 753363456 Bytes (890241024)
2023-04-01 09:35:50,766 [INFO] BlockDiagram:2759 - set Specific Code input for plugin: SYS
2023-04-01 09:35:50,767 [INFO] BlockDiagram:2759 - set Specific Code input for plugin: RCC
2023-04-01 09:35:50,767 [INFO] BlockDiagram:2759 - set Specific Code input for plugin: NVIC
2023-04-01 09:35:50,767 [INFO] BlockDiagram:2759 - set Specific Code input for plugin: USART
2023-04-01 09:35:50,767 [INFO] BlockDiagram:2759 - set Specific Code input for plugin: GPIO
2023-04-01 09:35:50,769 [INFO] CodeGenerator:692 - code generatio: config db path: C:\ST\STM32CubeIDE_1.10.1\STM32CubeIDE\plugins\com.st.stm32cube.common.mx_6.7.0.202211181646\\db\
2023-04-01 09:35:51,622 [INFO] CodeEngine:247 - oldGeneratedFile, D:\2023-1\MicroControllers\DDigital\FW_DDTEMPEMAX\try_init\MXTmpFiles\license.tmp_save
2023-04-01 09:35:52,232 [INFO] CodeEngine:271 - Generated code: D:\2023-1\MicroControllers\DDigital\FW_DDTEMPEMAX\try_init\MXTmpFiles\license.tmp
2023-04-01 09:35:52,489 [INFO] CodeEngine:247 - oldGeneratedFile, D:\2023-1\MicroControllers\DDigital\FW_DDTEMPEMAX\try_init\MXTmpFiles\gpio.tmp_save
2023-04-01 09:35:52,718 [INFO] CodeEngine:271 - Generated code: D:\2023-1\MicroControllers\DDigital\FW_DDTEMPEMAX\try_init\MXTmpFiles\gpio.tmp
2023-04-01 09:35:53,049 [INFO] CodeEngine:247 - oldGeneratedFile, D:\2023-1\MicroControllers\DDigital\FW_DDTEMPEMAX\try_init\Core\Src\stm32l4xx_it.c_save
2023-04-01 09:35:53,341 [INFO] CodeEngine:271 - Generated code: D:\2023-1\MicroControllers\DDigital\FW_DDTEMPEMAX\try_init\Core\Src\stm32l4xx_it.c
2023-04-01 09:35:53,362 [INFO] CodeEngine:247 - oldGeneratedFile, D:\2023-1\MicroControllers\DDigital\FW_DDTEMPEMAX\try_init\Core\Inc\stm32l4xx_it.h_save
2023-04-01 09:35:53,506 [INFO] CodeEngine:271 - Generated code: D:\2023-1\MicroControllers\DDigital\FW_DDTEMPEMAX\try_init\Core\Inc\stm32l4xx_it.h
2023-04-01 09:35:53,564 [INFO] CodeEngine:247 - oldGeneratedFile, D:\2023-1\MicroControllers\DDigital\FW_DDTEMPEMAX\try_init\Core\Src\stm32l4xx_hal_msp.c_save
2023-04-01 09:35:53,893 [INFO] CodeEngine:271 - Generated code: D:\2023-1\MicroControllers\DDigital\FW_DDTEMPEMAX\try_init\Core\Src\stm32l4xx_hal_msp.c
2023-04-01 09:35:53,908 [INFO] CodeEngine:247 - oldGeneratedFile, D:\2023-1\MicroControllers\DDigital\FW_DDTEMPEMAX\try_init\MXTmpFiles\system.tmp_save
2023-04-01 09:35:54,063 [INFO] CodeEngine:271 - Generated code: D:\2023-1\MicroControllers\DDigital\FW_DDTEMPEMAX\try_init\MXTmpFiles\system.tmp
2023-04-01 09:35:54,082 [INFO] CodeEngine:303 - oldGeneratedFile, D:\2023-1\MicroControllers\DDigital\FW_DDTEMPEMAX\try_init\Core\Inc\stm32l4xx_hal_conf.h_save
2023-04-01 09:35:54,335 [INFO] CodeEngine:327 - Generated code: D:\2023-1\MicroControllers\DDigital\FW_DDTEMPEMAX\try_init\Core\Inc\stm32l4xx_hal_conf.h
2023-04-01 09:35:54,597 [INFO] CodeEngine:247 - oldGeneratedFile, D:\2023-1\MicroControllers\DDigital\FW_DDTEMPEMAX\try_init\Core\Inc\main.h_save
2023-04-01 09:35:54,762 [INFO] CodeEngine:271 - Generated code: D:\2023-1\MicroControllers\DDigital\FW_DDTEMPEMAX\try_init\Core\Inc\main.h
2023-04-01 09:35:54,779 [INFO] CodeEngine:247 - oldGeneratedFile, D:\2023-1\MicroControllers\DDigital\FW_DDTEMPEMAX\try_init\Core\Src\main.c_save
2023-04-01 09:35:55,007 [INFO] CodeEngine:271 - Generated code: D:\2023-1\MicroControllers\DDigital\FW_DDTEMPEMAX\try_init\Core\Src\main.c
2023-04-01 09:35:56,887 [INFO] ProjectBuilder:2919 - Time for Copy HAL[1] : 743mS.
2023-04-01 09:35:56,907 [INFO] ProjectBuilder:4183 - Project Generator version: 3.18.0-B7
2023-04-01 09:35:57,419 [INFO] ConfigFileManager:1396 - The Die is : DIE415
2023-04-01 09:35:57,454 [INFO] ApiDbMcu:505 - Load IP Config File for FATFS
2023-04-01 09:35:57,471 [INFO] ApiDbMcu:505 - Load IP Config File for FREERTOS
2023-04-01 09:35:57,495 [INFO] ApiDbMcu:505 - Load IP Config File for TOUCHSENSING
2023-04-01 09:35:57,513 [INFO] ApiDbMcu:505 - Load IP Config File for USB_DEVICE
2023-04-01 09:35:57,533 [INFO] ApiDbMcu:505 - Load IP Config File for USB_HOST
2023-04-01 09:36:05,385 [INFO] ProjectBuilder:4351 - Time for Generating toolchain IDE Files: 8476mS.
2023-04-01 09:36:05,391 [INFO] ProjectBuilder:2790 - Time for Copy CMSIS : 4mS.
2023-04-01 09:36:05,393 [INFO] ProjectBuilder:2790 - Time for Copy CMSIS : 0mS.
2023-04-01 09:36:06,064 [INFO] McuFinderGlobals:65 - Set McuFinderConnectedMode to true
2023-04-01 09:36:06,069 [INFO] ApiDb:447 - Save user favorites file C:\Users\Jorge/.stm32cubeide/favorites.mcus.txt: 0 item(s)
2023-04-01 09:36:06,070 [INFO] ApiDb:451 - User favorites MCUs=[]
2023-04-01 09:36:06,071 [INFO] ApiDb:447 - Save user favorites file C:\Users\Jorge/.stm32cubeide/favorites.boards.txt: 0 item(s)
2023-04-01 09:36:06,072 [INFO] ApiDb:451 - User favorites Boards=[]
2023-04-01 11:04:53,330 [INFO] WebAppUi:459 - Close the Jxbrowser engine manually
2023-04-01 11:04:53,669 [INFO] WebAppUi:462 - Profiles folder deleted
2023-04-01 11:04:54,232 [ERROR] LogOutputStream:74 - [STDERR_REDIRECT] 
